Log file open, 06/04/20 19:36:25
LogWindows: Failed to load 'aqProf.dll' (GetLastError=126)
LogWindows: File 'aqProf.dll' does not exist
LogWindows: Failed to load 'VtuneApi.dll' (GetLastError=126)
LogWindows: File 'VtuneApi.dll' does not exist
LogWindows: Failed to load 'VtuneApi32e.dll' (GetLastError=126)
LogWindows: File 'VtuneApi32e.dll' does not exist
LogConsoleResponse: Display: Failed to find resolution value strings in scalability ini. Falling back to default.
LogInit: Display: Running engine for game: MRT
LogPlatformFile: Not using cached read wrapper
LogTaskGraph: Started task graph with 5 named threads and 11 total threads with 3 sets of task threads.
LogStats: Stats thread started at 0.154667
LogD3D11RHI: Loaded GFSDK_Aftermath_Lib.x64.dll
LogICUInternationalization: ICU TimeZone Detection - Raw Offset: +5:30, Platform Override: ''
LogPluginManager: Mounting plugin Paper2D
LogPluginManager: Mounting plugin AISupport
LogPluginManager: Mounting plugin LightPropagationVolume
LogPluginManager: Mounting plugin ActorLayerUtilities
LogPluginManager: Mounting plugin AnimationSharing
LogPluginManager: Mounting plugin CLionSourceCodeAccess
LogPluginManager: Mounting plugin CodeLiteSourceCodeAccess
LogPluginManager: Mounting plugin GitSourceControl
LogPluginManager: Mounting plugin KDevelopSourceCodeAccess
LogPluginManager: Mounting plugin NullSourceCodeAccess
LogPluginManager: Mounting plugin PerforceSourceControl
LogPluginManager: Mounting plugin SubversionSourceControl
LogPluginManager: Mounting plugin UObjectPlugin
LogPluginManager: Mounting plugin VisualStudioCodeSourceCodeAccess
LogPluginManager: Mounting plugin VisualStudioSourceCodeAccess
LogPluginManager: Mounting plugin XCodeSourceCodeAccess
LogPluginManager: Mounting plugin AssetManagerEditor
LogPluginManager: Mounting plugin CryptoKeys
LogPluginManager: Mounting plugin CurveEditorTools
LogPluginManager: Mounting plugin DataValidation
LogPluginManager: Mounting plugin FacialAnimation
LogPluginManager: Mounting plugin GameplayTagsEditor
LogPluginManager: Mounting plugin MacGraphicsSwitching
LogPluginManager: Mounting plugin MaterialAnalyzer
LogPluginManager: Mounting plugin MobileLauncherProfileWizard
LogPluginManager: Mounting plugin PluginBrowser
LogPluginManager: Mounting plugin SpeedTreeImporter
LogPluginManager: Mounting plugin DatasmithContent
LogPluginManager: Mounting plugin VariantManagerContent
LogPluginManager: Mounting plugin AlembicImporter
LogPluginManager: Mounting plugin AutomationUtils
LogPluginManager: Mounting plugin BackChannel
LogPluginManager: Mounting plugin CharacterAI
LogPluginManager: Mounting plugin GeometryCache
LogPluginManager: Mounting plugin HTML5Networking
LogPluginManager: Mounting plugin PlatformCrypto
LogPluginManager: Mounting plugin ProxyLODPlugin
LogPluginManager: Mounting plugin RawInput
LogPluginManager: Mounting plugin SkeletalReduction
LogPluginManager: Mounting plugin MagicLeap
LogPluginManager: Mounting plugin MagicLeapMedia
LogPluginManager: Mounting plugin AndroidMedia
LogPluginManager: Mounting plugin AvfMedia
LogPluginManager: Mounting plugin ImgMedia
LogPluginManager: Mounting plugin MediaCompositing
LogPluginManager: Mounting plugin MediaPlayerEditor
LogPluginManager: Mounting plugin WebMMedia
LogPluginManager: Mounting plugin WmfMedia
LogPluginManager: Mounting plugin TcpMessaging
LogPluginManager: Mounting plugin UdpMessaging
LogPluginManager: Mounting plugin ActorSequence
LogPluginManager: Mounting plugin LevelSequenceEditor
LogPluginManager: Mounting plugin MatineeToLevelSequence
LogPluginManager: Mounting plugin NetcodeUnitTest
LogPluginManager: Mounting plugin NUTUnrealEngine4
LogPluginManager: Mounting plugin OnlineSubsystemGooglePlay
LogPluginManager: Mounting plugin OnlineSubsystemIOS
LogPluginManager: Mounting plugin OnlineSubsystem
LogPluginManager: Mounting plugin OnlineSubsystemNull
LogPluginManager: Mounting plugin OnlineSubsystemUtils
LogPluginManager: Mounting plugin LauncherChunkInstaller
LogPluginManager: Mounting plugin AndroidDeviceProfileSelector
LogPluginManager: Mounting plugin AndroidMoviePlayer
LogPluginManager: Mounting plugin AndroidPermission
LogPluginManager: Mounting plugin AppleImageUtils
LogPluginManager: Mounting plugin AppleMoviePlayer
LogPluginManager: Mounting plugin ArchVisCharacter
LogPluginManager: Mounting plugin AudioCapture
LogPluginManager: Mounting plugin CableComponent
LogPluginManager: Mounting plugin CustomMeshComponent
LogPluginManager: Mounting plugin EditableMesh
LogPluginManager: Mounting plugin ExampleDeviceProfileSelector
LogPluginManager: Mounting plugin GoogleCloudMessaging
LogPluginManager: Mounting plugin IOSDeviceProfileSelector
LogPluginManager: Mounting plugin LinuxDeviceProfileSelector
LogPluginManager: Mounting plugin LocationServicesBPLibrary
LogPluginManager: Mounting plugin MobilePatchingUtils
LogPluginManager: Mounting plugin OculusVR
LogPluginManager: Mounting plugin PhysXVehicles
LogPluginManager: Mounting plugin ProceduralMeshComponent
LogPluginManager: Mounting plugin RuntimePhysXCooking
LogPluginManager: Mounting plugin SignificanceManager
LogPluginManager: Mounting plugin SteamVR
LogPluginManager: Mounting plugin WebMMoviePlayer
LogPluginManager: Mounting plugin WindowsMoviePlayer
LogPluginManager: Mounting plugin ScreenshotTools
LogInit: Using libcurl 7.55.1-DEV
LogInit:  - built for x86_64-pc-win32
LogInit:  - supports SSL with OpenSSL/1.1.1
LogInit:  - supports HTTP deflate (compression) using libz 1.2.8
LogInit:  - other features:
LogInit:      CURL_VERSION_SSL
LogInit:      CURL_VERSION_LIBZ
LogInit:      CURL_VERSION_IPV6
LogInit:      CURL_VERSION_ASYNCHDNS
LogInit:      CURL_VERSION_LARGEFILE
LogInit:      CURL_VERSION_IDN
LogInit:  CurlRequestOptions (configurable via config and command line):
LogInit:  - bVerifyPeer = true  - Libcurl will verify peer certificate
LogInit:  - bUseHttpProxy = false  - Libcurl will NOT use HTTP proxy
LogInit:  - bDontReuseConnections = false  - Libcurl will reuse connections
LogInit:  - MaxHostConnections = 16  - Libcurl will limit the number of connections to a host
LogInit:  - LocalHostAddr = Default
LogInit:  - BufferSize = 65536
LogOnline: OSS: Creating online subsystem instance for: NULL
LogInit: WinSock: version 1.1 (2.2), MaxSocks=32767, MaxUdp=65467
LogInit: Build: ++UE4+Release-4.23-CL-8386587
LogInit: Engine Version: 4.23.0-8386587+++UE4+Release-4.23
LogInit: Compatible Engine Version: 4.23.0-8386587+++UE4+Release-4.23
LogInit: Net CL: 8386587
LogInit: OS: Windows 10 (Release 1809) (), CPU: Intel(R) Core(TM) i5-7200U CPU @ 2.50GHz, GPU: Intel(R) HD Graphics 620
LogInit: Compiled (64-bit): Aug 31 2019 02:04:44
LogInit: Compiled with Visual C++: 19.16.27030.01
LogInit: Build Configuration: Development
LogInit: Branch Name: ++UE4+Release-4.23
LogInit: Command Line: 
LogInit: Base Directory: C:/Program Files/Epic Games/UE_4.23/Engine/Binaries/Win64/
LogInit: Installed Engine Build: 1
LogDevObjectVersion: Number of dev versions registered: 23
LogDevObjectVersion:   Dev-Blueprints (B0D832E4-1F89-4F0D-ACCF-7EB736FD4AA2): 10
LogDevObjectVersion:   Dev-Build (E1C64328-A22C-4D53-A36C-8E866417BD8C): 0
LogDevObjectVersion:   Dev-Core (375EC13C-06E4-48FB-B500-84F0262A717E): 3
LogDevObjectVersion:   Dev-Editor (E4B068ED-F494-42E9-A231-DA0B2E46BB41): 34
LogDevObjectVersion:   Dev-Framework (CFFC743F-43B0-4480-9391-14DF171D2073): 35
LogDevObjectVersion:   Dev-Mobile (B02B49B5-BB20-44E9-A304-32B752E40360): 2
LogDevObjectVersion:   Dev-Networking (A4E4105C-59A1-49B5-A7C5-40C4547EDFEE): 0
LogDevObjectVersion:   Dev-Online (39C831C9-5AE6-47DC-9A44-9C173E1C8E7C): 0
LogDevObjectVersion:   Dev-Physics (78F01B33-EBEA-4F98-B9B4-84EACCB95AA2): 0
LogDevObjectVersion:   Dev-Platform (6631380F-2D4D-43E0-8009-CF276956A95A): 0
LogDevObjectVersion:   Dev-Rendering (12F88B9F-8875-4AFC-A67C-D90C383ABD29): 31
LogDevObjectVersion:   Dev-Sequencer (7B5AE74C-D270-4C10-A958-57980B212A5A): 11
LogDevObjectVersion:   Dev-VR (D7296918-1DD6-4BDD-9DE2-64A83CC13884): 2
LogDevObjectVersion:   Dev-LoadTimes (C2A15278-BFE7-4AFE-6C17-90FF531DF755): 1
LogDevObjectVersion:   Private-Geometry (6EACA3D4-40EC-4CC1-B786-8BED09428FC5): 3
LogDevObjectVersion:   Dev-AnimPhys (29E575DD-E0A3-4627-9D10-D276232CDCEA): 17
LogDevObjectVersion:   Dev-Anim (AF43A65D-7FD3-4947-9873-3E8ED9C1BB05): 2
LogDevObjectVersion:   Dev-ReflectionCapture (6B266CEC-1EC7-4B8F-A30B-E4D90942FC07): 1
LogDevObjectVersion:   Dev-Automation (0DF73D61-A23F-47EA-B727-89E90C41499A): 1
LogDevObjectVersion:   FortniteMain (601D1886-AC64-4F84-AA16-D3DE0DEAC7D6): 27
LogDevObjectVersion:   Dev-Enterprise (9DFFBCD6-494F-0158-E221-12823C92A888): 6
LogDevObjectVersion:   Dev-Niagara (F2AED0AC-9AFE-416F-8664-AA7FFA26D6FC): 1
LogDevObjectVersion:   Dev-Destruction (174F1F0B-B4C6-45A5-B13F-2EE8D0FB917D): 9
LogInit: Presizing for max 16777216 objects, including 0 objects not considered by GC, pre-allocating 0 bytes for permanent pool.
LogInit: Object subsystem initialized
LogConfig: Setting CVar [[con.DebugEarlyDefault:1]]
LogConfig: Setting CVar [[r.setres:1280x720]]
[2020.06.04-14.06.26:144][  0]LogConfig: Setting CVar [[r.VSync:0]]
[2020.06.04-14.06.26:144][  0]LogConfig: Setting CVar [[r.RHICmdBypass:0]]
[2020.06.04-14.06.26:144][  0]LogConfig: Applying CVar settings from Section [/Script/Engine.RendererSettings] File [F:/others/hackathons/YAH 2k19/Drowsiness_Detection/MRT 4.23/Saved/Config/Windows/Engine.ini]
[2020.06.04-14.06.26:144][  0]LogConfig: Setting CVar [[r.GPUCrashDebugging:0]]
[2020.06.04-14.06.26:144][  0]LogConfig: Applying CVar settings from Section [/Script/Engine.RendererOverrideSettings] File [F:/others/hackathons/YAH 2k19/Drowsiness_Detection/MRT 4.23/Saved/Config/Windows/Engine.ini]
[2020.06.04-14.06.26:144][  0]LogConfig: Applying CVar settings from Section [/Script/Engine.StreamingSettings] File [F:/others/hackathons/YAH 2k19/Drowsiness_Detection/MRT 4.23/Saved/Config/Windows/Engine.ini]
[2020.06.04-14.06.26:144][  0]LogConfig: Setting CVar [[s.MinBulkDataSizeForAsyncLoading:131072]]
[2020.06.04-14.06.26:144][  0]LogConfig: Setting CVar [[s.AsyncLoadingThreadEnabled:0]]
[2020.06.04-14.06.26:144][  0]LogConfig: Setting CVar [[s.EventDrivenLoaderEnabled:1]]
[2020.06.04-14.06.26:144][  0]LogConfig: Setting CVar [[s.WarnIfTimeLimitExceeded:0]]
[2020.06.04-14.06.26:144][  0]LogConfig: Setting CVar [[s.TimeLimitExceededMultiplier:1.5]]
[2020.06.04-14.06.26:144][  0]LogConfig: Setting CVar [[s.TimeLimitExceededMinTime:0.005]]
[2020.06.04-14.06.26:144][  0]LogConfig: Setting CVar [[s.UseBackgroundLevelStreaming:1]]
[2020.06.04-14.06.26:144][  0]LogConfig: Setting CVar [[s.PriorityAsyncLoadingExtraTime:15.0]]
[2020.06.04-14.06.26:144][  0]LogConfig: Setting CVar [[s.LevelStreamingActorsUpdateTimeLimit:5.0]]
[2020.06.04-14.06.26:144][  0]LogConfig: Setting CVar [[s.PriorityLevelStreamingActorsUpdateExtraTime:5.0]]
[2020.06.04-14.06.26:144][  0]LogConfig: Setting CVar [[s.LevelStreamingComponentsRegistrationGranularity:10]]
[2020.06.04-14.06.26:144][  0]LogConfig: Setting CVar [[s.UnregisterComponentsTimeLimit:1.0]]
[2020.06.04-14.06.26:144][  0]LogConfig: Setting CVar [[s.LevelStreamingComponentsUnregistrationGranularity:5]]
[2020.06.04-14.06.26:144][  0]LogConfig: Applying CVar settings from Section [/Script/Engine.GarbageCollectionSettings] File [F:/others/hackathons/YAH 2k19/Drowsiness_Detection/MRT 4.23/Saved/Config/Windows/Engine.ini]
[2020.06.04-14.06.26:144][  0]LogConfig: Setting CVar [[gc.MaxObjectsNotConsideredByGC:1]]
[2020.06.04-14.06.26:144][  0]LogConfig: Setting CVar [[gc.SizeOfPermanentObjectPool:0]]
[2020.06.04-14.06.26:144][  0]LogConfig: Setting CVar [[gc.FlushStreamingOnGC:0]]
[2020.06.04-14.06.26:144][  0]LogConfig: Setting CVar [[gc.NumRetriesBeforeForcingGC:10]]
[2020.06.04-14.06.26:144][  0]LogConfig: Setting CVar [[gc.AllowParallelGC:1]]
[2020.06.04-14.06.26:144][  0]LogConfig: Setting CVar [[gc.TimeBetweenPurgingPendingKillObjects:61.1]]
[2020.06.04-14.06.26:144][  0]LogConfig: Setting CVar [[gc.MaxObjectsInEditor:16777216]]
[2020.06.04-14.06.26:144][  0]LogConfig: Setting CVar [[gc.IncrementalBeginDestroyEnabled:1]]
[2020.06.04-14.06.26:144][  0]LogConfig: Setting CVar [[gc.CreateGCClusters:1]]
[2020.06.04-14.06.26:144][  0]LogConfig: Setting CVar [[gc.MinGCClusterSize:5]]
[2020.06.04-14.06.26:144][  0]LogConfig: Setting CVar [[gc.ActorClusteringEnabled:0]]
[2020.06.04-14.06.26:145][  0]LogConfig: Setting CVar [[gc.BlueprintClusteringEnabled:0]]
[2020.06.04-14.06.26:145][  0]LogConfig: Setting CVar [[gc.UseDisregardForGCOnDedicatedServers:0]]
[2020.06.04-14.06.26:145][  0]LogConfig: Applying CVar settings from Section [/Script/Engine.NetworkSettings] File [F:/others/hackathons/YAH 2k19/Drowsiness_Detection/MRT 4.23/Saved/Config/Windows/Engine.ini]
[2020.06.04-14.06.26:145][  0]LogConfig: Applying CVar settings from Section [/Script/UnrealEd.CookerSettings] File [F:/others/hackathons/YAH 2k19/Drowsiness_Detection/MRT 4.23/Saved/Config/Windows/Engine.ini]
[2020.06.04-14.06.26:148][  0]LogConfig: Applying CVar settings from Section [ViewDistanceQuality@3] File [F:/others/hackathons/YAH 2k19/Drowsiness_Detection/MRT 4.23/Saved/Config/Windows/Scalability.ini]
[2020.06.04-14.06.26:148][  0]LogConfig: Setting CVar [[r.SkeletalMeshLODBias:0]]
[2020.06.04-14.06.26:148][  0]LogConfig: Setting CVar [[r.ViewDistanceScale:1.0]]
[2020.06.04-14.06.26:148][  0]LogConfig: Applying CVar settings from Section [AntiAliasingQuality@3] File [F:/others/hackathons/YAH 2k19/Drowsiness_Detection/MRT 4.23/Saved/Config/Windows/Scalability.ini]
[2020.06.04-14.06.26:148][  0]LogConfig: Setting CVar [[r.PostProcessAAQuality:4]]
[2020.06.04-14.06.26:148][  0]LogConfig: Applying CVar settings from Section [ShadowQuality@3] File [F:/others/hackathons/YAH 2k19/Drowsiness_Detection/MRT 4.23/Saved/Config/Windows/Scalability.ini]
[2020.06.04-14.06.26:149][  0]LogConfig: Setting CVar [[r.LightFunctionQuality:1]]
[2020.06.04-14.06.26:149][  0]LogConfig: Setting CVar [[r.ShadowQuality:5]]
[2020.06.04-14.06.26:149][  0]LogConfig: Setting CVar [[r.Shadow.CSM.MaxCascades:10]]
[2020.06.04-14.06.26:149][  0]LogConfig: Setting CVar [[r.Shadow.MaxResolution:2048]]
[2020.06.04-14.06.26:149][  0]LogConfig: Setting CVar [[r.Shadow.MaxCSMResolution:2048]]
[2020.06.04-14.06.26:149][  0]LogConfig: Setting CVar [[r.Shadow.RadiusThreshold:0.01]]
[2020.06.04-14.06.26:149][  0]LogConfig: Setting CVar [[r.Shadow.DistanceScale:1.0]]
[2020.06.04-14.06.26:149][  0]LogConfig: Setting CVar [[r.Shadow.CSM.TransitionScale:1.0]]
[2020.06.04-14.06.26:149][  0]LogConfig: Setting CVar [[r.Shadow.PreShadowResolutionFactor:1.0]]
[2020.06.04-14.06.26:149][  0]LogConfig: Setting CVar [[r.DistanceFieldShadowing:1]]
[2020.06.04-14.06.26:149][  0]LogConfig: Setting CVar [[r.DistanceFieldAO:1]]
[2020.06.04-14.06.26:149][  0]LogConfig: Setting CVar [[r.AOQuality:2]]
[2020.06.04-14.06.26:149][  0]LogConfig: Setting CVar [[r.VolumetricFog:1]]
[2020.06.04-14.06.26:149][  0]LogConfig: Setting CVar [[r.VolumetricFog.GridPixelSize:8]]
[2020.06.04-14.06.26:149][  0]LogConfig: Setting CVar [[r.VolumetricFog.GridSizeZ:128]]
[2020.06.04-14.06.26:149][  0]LogConfig: Setting CVar [[r.VolumetricFog.HistoryMissSupersampleCount:4]]
[2020.06.04-14.06.26:149][  0]LogConfig: Setting CVar [[r.LightMaxDrawDistanceScale:1]]
[2020.06.04-14.06.26:149][  0]LogConfig: Setting CVar [[r.CapsuleShadows:1]]
[2020.06.04-14.06.26:149][  0]LogConfig: Applying CVar settings from Section [PostProcessQuality@3] File [F:/others/hackathons/YAH 2k19/Drowsiness_Detection/MRT 4.23/Saved/Config/Windows/Scalability.ini]
[2020.06.04-14.06.26:149][  0]LogConfig: Setting CVar [[r.MotionBlurQuality:4]]
[2020.06.04-14.06.26:149][  0]LogConfig: Setting CVar [[r.AmbientOcclusionMipLevelFactor:0.4]]
[2020.06.04-14.06.26:149][  0]LogConfig: Setting CVar [[r.AmbientOcclusionMaxQuality:100]]
[2020.06.04-14.06.26:149][  0]LogConfig: Setting CVar [[r.AmbientOcclusionLevels:-1]]
[2020.06.04-14.06.26:149][  0]LogConfig: Setting CVar [[r.AmbientOcclusionRadiusScale:1.0]]
[2020.06.04-14.06.26:149][  0]LogConfig: Setting CVar [[r.DepthOfFieldQuality:2]]
[2020.06.04-14.06.26:149][  0]LogConfig: Setting CVar [[r.RenderTargetPoolMin:400]]
[2020.06.04-14.06.26:149][  0]LogConfig: Setting CVar [[r.LensFlareQuality:2]]
[2020.06.04-14.06.26:149][  0]LogConfig: Setting CVar [[r.SceneColorFringeQuality:1]]
[2020.06.04-14.06.26:149][  0]LogConfig: Setting CVar [[r.EyeAdaptationQuality:2]]
[2020.06.04-14.06.26:149][  0]LogConfig: Setting CVar [[r.BloomQuality:5]]
[2020.06.04-14.06.26:149][  0]LogConfig: Setting CVar [[r.FastBlurThreshold:100]]
[2020.06.04-14.06.26:149][  0]LogConfig: Setting CVar [[r.Upscale.Quality:3]]
[2020.06.04-14.06.26:149][  0]LogConfig: Setting CVar [[r.Tonemapper.GrainQuantization:1]]
[2020.06.04-14.06.26:149][  0]LogConfig: Setting CVar [[r.LightShaftQuality:1]]
[2020.06.04-14.06.26:149][  0]LogConfig: Setting CVar [[r.Filter.SizeScale:1]]
[2020.06.04-14.06.26:149][  0]LogConfig: Setting CVar [[r.Tonemapper.Quality:5]]
[2020.06.04-14.06.26:149][  0]LogConfig: Setting CVar [[r.DOF.Gather.AccumulatorQuality:1        ; higher gathering accumulator quality]]
[2020.06.04-14.06.26:149][  0]LogConfig: Setting CVar [[r.DOF.Gather.PostfilterMethod:1          ; Median3x3 postfilering method]]
[2020.06.04-14.06.26:149][  0]LogConfig: Setting CVar [[r.DOF.Gather.EnableBokehSettings:0       ; no bokeh simulation when gathering]]
[2020.06.04-14.06.26:149][  0]LogConfig: Setting CVar [[r.DOF.Gather.RingCount:4                 ; medium number of samples when gathering]]
[2020.06.04-14.06.26:150][  0]LogConfig: Setting CVar [[r.DOF.Scatter.ForegroundCompositing:1    ; additive foreground scattering]]
[2020.06.04-14.06.26:150][  0]LogConfig: Setting CVar [[r.DOF.Scatter.BackgroundCompositing:2    ; additive background scattering]]
[2020.06.04-14.06.26:150][  0]LogConfig: Setting CVar [[r.DOF.Scatter.EnableBokehSettings:1      ; bokeh simulation when scattering]]
[2020.06.04-14.06.26:150][  0]LogConfig: Setting CVar [[r.DOF.Scatter.MaxSpriteRatio:0.1         ; only a maximum of 10% of scattered bokeh]]
[2020.06.04-14.06.26:150][  0]LogConfig: Setting CVar [[r.DOF.Recombine.Quality:1                ; cheap slight out of focus]]
[2020.06.04-14.06.26:150][  0]LogConfig: Setting CVar [[r.DOF.Recombine.EnableBokehSettings:0    ; no bokeh simulation on slight out of focus]]
[2020.06.04-14.06.26:150][  0]LogConfig: Setting CVar [[r.DOF.TemporalAAQuality:1                ; more stable temporal accumulation]]
[2020.06.04-14.06.26:150][  0]LogConfig: Setting CVar [[r.DOF.Kernel.MaxForegroundRadius:0.025]]
[2020.06.04-14.06.26:150][  0]LogConfig: Setting CVar [[r.DOF.Kernel.MaxBackgroundRadius:0.025]]
[2020.06.04-14.06.26:150][  0]LogConfig: Applying CVar settings from Section [TextureQuality@3] File [F:/others/hackathons/YAH 2k19/Drowsiness_Detection/MRT 4.23/Saved/Config/Windows/Scalability.ini]
[2020.06.04-14.06.26:150][  0]LogConfig: Setting CVar [[r.Streaming.MipBias:0]]
[2020.06.04-14.06.26:150][  0]LogConfig: Setting CVar [[r.Streaming.AmortizeCPUToGPUCopy:0]]
[2020.06.04-14.06.26:150][  0]LogConfig: Setting CVar [[r.Streaming.MaxNumTexturesToStreamPerFrame:0]]
[2020.06.04-14.06.26:150][  0]LogConfig: Setting CVar [[r.Streaming.Boost:1]]
[2020.06.04-14.06.26:150][  0]LogConfig: Setting CVar [[r.MaxAnisotropy:8]]
[2020.06.04-14.06.26:150][  0]LogConfig: Setting CVar [[r.Streaming.LimitPoolSizeToVRAM:0]]
[2020.06.04-14.06.26:150][  0]LogConfig: Setting CVar [[r.Streaming.PoolSize:1000]]
[2020.06.04-14.06.26:150][  0]LogConfig: Setting CVar [[r.Streaming.MaxEffectiveScreenSize:0]]
[2020.06.04-14.06.26:150][  0]LogConfig: Applying CVar settings from Section [EffectsQuality@3] File [F:/others/hackathons/YAH 2k19/Drowsiness_Detection/MRT 4.23/Saved/Config/Windows/Scalability.ini]
[2020.06.04-14.06.26:150][  0]LogConfig: Setting CVar [[r.TranslucencyLightingVolumeDim:64]]
[2020.06.04-14.06.26:150][  0]LogConfig: Setting CVar [[r.RefractionQuality:2]]
[2020.06.04-14.06.26:150][  0]LogConfig: Setting CVar [[r.SSR.Quality:3]]
[2020.06.04-14.06.26:150][  0]LogConfig: Setting CVar [[r.SceneColorFormat:4]]
[2020.06.04-14.06.26:150][  0]LogConfig: Setting CVar [[r.DetailMode:2]]
[2020.06.04-14.06.26:150][  0]LogConfig: Setting CVar [[r.TranslucencyVolumeBlur:1]]
[2020.06.04-14.06.26:150][  0]LogConfig: Setting CVar [[r.MaterialQualityLevel:1 ; High quality]]
[2020.06.04-14.06.26:150][  0]LogConfig: Setting CVar [[r.SSS.Scale:1]]
[2020.06.04-14.06.26:150][  0]LogConfig: Setting CVar [[r.SSS.SampleSet:2]]
[2020.06.04-14.06.26:150][  0]LogConfig: Setting CVar [[r.SSS.Quality:1]]
[2020.06.04-14.06.26:150][  0]LogConfig: Setting CVar [[r.SSS.HalfRes:1]]
[2020.06.04-14.06.26:150][  0]LogConfig: Setting CVar [[r.EmitterSpawnRateScale:1.0]]
[2020.06.04-14.06.26:150][  0]LogConfig: Setting CVar [[r.ParticleLightQuality:2]]
[2020.06.04-14.06.26:150][  0]LogConfig: Applying CVar settings from Section [FoliageQuality@3] File [F:/others/hackathons/YAH 2k19/Drowsiness_Detection/MRT 4.23/Saved/Config/Windows/Scalability.ini]
[2020.06.04-14.06.26:150][  0]LogConfig: Setting CVar [[foliage.DensityScale:1.0]]
[2020.06.04-14.06.26:150][  0]LogConfig: Setting CVar [[grass.DensityScale:1.0]]
[2020.06.04-14.06.26:150][  0]LogInit: Selected Device Profile: [Windows]
[2020.06.04-14.06.26:150][  0]LogInit: Applying CVar settings loaded from the selected device profile: [Windows]
[2020.06.04-14.06.26:156][  0]LogHAL: Display: Platform has ~ 8 GB [8502808576 / 8589934592 / 8], which maps to Default [LargestMinGB=32, LargerMinGB=12, DefaultMinGB=8, SmallerMinGB=6, SmallestMinGB=0)
[2020.06.04-14.06.26:156][  0]LogInit: Going up to parent DeviceProfile []
[2020.06.04-14.06.26:156][  0]LogConfig: Applying CVar settings from Section [ViewDistanceQuality@3] File [F:/others/hackathons/YAH 2k19/Drowsiness_Detection/MRT 4.23/Saved/Config/Windows/Scalability.ini]
[2020.06.04-14.06.26:156][  0]LogConfig: Setting CVar [[r.SkeletalMeshLODBias:0]]
[2020.06.04-14.06.26:156][  0]LogConfig: Setting CVar [[r.ViewDistanceScale:1.0]]
[2020.06.04-14.06.26:156][  0]LogConfig: Applying CVar settings from Section [AntiAliasingQuality@3] File [F:/others/hackathons/YAH 2k19/Drowsiness_Detection/MRT 4.23/Saved/Config/Windows/Scalability.ini]
[2020.06.04-14.06.26:156][  0]LogConfig: Setting CVar [[r.PostProcessAAQuality:4]]
[2020.06.04-14.06.26:156][  0]LogConfig: Applying CVar settings from Section [ShadowQuality@3] File [F:/others/hackathons/YAH 2k19/Drowsiness_Detection/MRT 4.23/Saved/Config/Windows/Scalability.ini]
[2020.06.04-14.06.26:156][  0]LogConfig: Setting CVar [[r.LightFunctionQuality:1]]
[2020.06.04-14.06.26:156][  0]LogConfig: Setting CVar [[r.ShadowQuality:5]]
[2020.06.04-14.06.26:156][  0]LogConfig: Setting CVar [[r.Shadow.CSM.MaxCascades:10]]
[2020.06.04-14.06.26:156][  0]LogConfig: Setting CVar [[r.Shadow.MaxResolution:2048]]
[2020.06.04-14.06.26:156][  0]LogConfig: Setting CVar [[r.Shadow.MaxCSMResolution:2048]]
[2020.06.04-14.06.26:156][  0]LogConfig: Setting CVar [[r.Shadow.RadiusThreshold:0.01]]
[2020.06.04-14.06.26:156][  0]LogConfig: Setting CVar [[r.Shadow.DistanceScale:1.0]]
[2020.06.04-14.06.26:156][  0]LogConfig: Setting CVar [[r.Shadow.CSM.TransitionScale:1.0]]
[2020.06.04-14.06.26:156][  0]LogConfig: Setting CVar [[r.Shadow.PreShadowResolutionFactor:1.0]]
[2020.06.04-14.06.26:156][  0]LogConfig: Setting CVar [[r.DistanceFieldShadowing:1]]
[2020.06.04-14.06.26:156][  0]LogConfig: Setting CVar [[r.DistanceFieldAO:1]]
[2020.06.04-14.06.26:156][  0]LogConfig: Setting CVar [[r.AOQuality:2]]
[2020.06.04-14.06.26:156][  0]LogConfig: Setting CVar [[r.VolumetricFog:1]]
[2020.06.04-14.06.26:156][  0]LogConfig: Setting CVar [[r.VolumetricFog.GridPixelSize:8]]
[2020.06.04-14.06.26:156][  0]LogConfig: Setting CVar [[r.VolumetricFog.GridSizeZ:128]]
[2020.06.04-14.06.26:156][  0]LogConfig: Setting CVar [[r.VolumetricFog.HistoryMissSupersampleCount:4]]
[2020.06.04-14.06.26:156][  0]LogConfig: Setting CVar [[r.LightMaxDrawDistanceScale:1]]
[2020.06.04-14.06.26:157][  0]LogConfig: Setting CVar [[r.CapsuleShadows:1]]
[2020.06.04-14.06.26:157][  0]LogConfig: Applying CVar settings from Section [PostProcessQuality@3] File [F:/others/hackathons/YAH 2k19/Drowsiness_Detection/MRT 4.23/Saved/Config/Windows/Scalability.ini]
[2020.06.04-14.06.26:157][  0]LogConfig: Setting CVar [[r.MotionBlurQuality:4]]
[2020.06.04-14.06.26:157][  0]LogConfig: Setting CVar [[r.AmbientOcclusionMipLevelFactor:0.4]]
[2020.06.04-14.06.26:157][  0]LogConfig: Setting CVar [[r.AmbientOcclusionMaxQuality:100]]
[2020.06.04-14.06.26:157][  0]LogConfig: Setting CVar [[r.AmbientOcclusionLevels:-1]]
[2020.06.04-14.06.26:157][  0]LogConfig: Setting CVar [[r.AmbientOcclusionRadiusScale:1.0]]
[2020.06.04-14.06.26:157][  0]LogConfig: Setting CVar [[r.DepthOfFieldQuality:2]]
[2020.06.04-14.06.26:157][  0]LogConfig: Setting CVar [[r.RenderTargetPoolMin:400]]
[2020.06.04-14.06.26:157][  0]LogConfig: Setting CVar [[r.LensFlareQuality:2]]
[2020.06.04-14.06.26:157][  0]LogConfig: Setting CVar [[r.SceneColorFringeQuality:1]]
[2020.06.04-14.06.26:157][  0]LogConfig: Setting CVar [[r.EyeAdaptationQuality:2]]
[2020.06.04-14.06.26:157][  0]LogConfig: Setting CVar [[r.BloomQuality:5]]
[2020.06.04-14.06.26:157][  0]LogConfig: Setting CVar [[r.FastBlurThreshold:100]]
[2020.06.04-14.06.26:157][  0]LogConfig: Setting CVar [[r.Upscale.Quality:3]]
[2020.06.04-14.06.26:157][  0]LogConfig: Setting CVar [[r.Tonemapper.GrainQuantization:1]]
[2020.06.04-14.06.26:157][  0]LogConfig: Setting CVar [[r.LightShaftQuality:1]]
[2020.06.04-14.06.26:157][  0]LogConfig: Setting CVar [[r.Filter.SizeScale:1]]
[2020.06.04-14.06.26:157][  0]LogConfig: Setting CVar [[r.Tonemapper.Quality:5]]
[2020.06.04-14.06.26:157][  0]LogConfig: Setting CVar [[r.DOF.Gather.AccumulatorQuality:1        ; higher gathering accumulator quality]]
[2020.06.04-14.06.26:157][  0]LogConfig: Setting CVar [[r.DOF.Gather.PostfilterMethod:1          ; Median3x3 postfilering method]]
[2020.06.04-14.06.26:157][  0]LogConfig: Setting CVar [[r.DOF.Gather.EnableBokehSettings:0       ; no bokeh simulation when gathering]]
[2020.06.04-14.06.26:157][  0]LogConfig: Setting CVar [[r.DOF.Gather.RingCount:4                 ; medium number of samples when gathering]]
[2020.06.04-14.06.26:157][  0]LogConfig: Setting CVar [[r.DOF.Scatter.ForegroundCompositing:1    ; additive foreground scattering]]
[2020.06.04-14.06.26:157][  0]LogConfig: Setting CVar [[r.DOF.Scatter.BackgroundCompositing:2    ; additive background scattering]]
[2020.06.04-14.06.26:157][  0]LogConfig: Setting CVar [[r.DOF.Scatter.EnableBokehSettings:1      ; bokeh simulation when scattering]]
[2020.06.04-14.06.26:157][  0]LogConfig: Setting CVar [[r.DOF.Scatter.MaxSpriteRatio:0.1         ; only a maximum of 10% of scattered bokeh]]
[2020.06.04-14.06.26:157][  0]LogConfig: Setting CVar [[r.DOF.Recombine.Quality:1                ; cheap slight out of focus]]
[2020.06.04-14.06.26:157][  0]LogConfig: Setting CVar [[r.DOF.Recombine.EnableBokehSettings:0    ; no bokeh simulation on slight out of focus]]
[2020.06.04-14.06.26:157][  0]LogConfig: Setting CVar [[r.DOF.TemporalAAQuality:1                ; more stable temporal accumulation]]
[2020.06.04-14.06.26:157][  0]LogConfig: Setting CVar [[r.DOF.Kernel.MaxForegroundRadius:0.025]]
[2020.06.04-14.06.26:157][  0]LogConfig: Setting CVar [[r.DOF.Kernel.MaxBackgroundRadius:0.025]]
[2020.06.04-14.06.26:157][  0]LogConfig: Applying CVar settings from Section [TextureQuality@3] File [F:/others/hackathons/YAH 2k19/Drowsiness_Detection/MRT 4.23/Saved/Config/Windows/Scalability.ini]
[2020.06.04-14.06.26:157][  0]LogConfig: Setting CVar [[r.Streaming.MipBias:0]]
[2020.06.04-14.06.26:157][  0]LogConfig: Setting CVar [[r.Streaming.AmortizeCPUToGPUCopy:0]]
[2020.06.04-14.06.26:157][  0]LogConfig: Setting CVar [[r.Streaming.MaxNumTexturesToStreamPerFrame:0]]
[2020.06.04-14.06.26:157][  0]LogConfig: Setting CVar [[r.Streaming.Boost:1]]
[2020.06.04-14.06.26:157][  0]LogConfig: Setting CVar [[r.MaxAnisotropy:8]]
[2020.06.04-14.06.26:157][  0]LogConfig: Setting CVar [[r.Streaming.LimitPoolSizeToVRAM:0]]
[2020.06.04-14.06.26:157][  0]LogConfig: Setting CVar [[r.Streaming.PoolSize:1000]]
[2020.06.04-14.06.26:157][  0]LogConfig: Setting CVar [[r.Streaming.MaxEffectiveScreenSize:0]]
[2020.06.04-14.06.26:157][  0]LogConfig: Applying CVar settings from Section [EffectsQuality@3] File [F:/others/hackathons/YAH 2k19/Drowsiness_Detection/MRT 4.23/Saved/Config/Windows/Scalability.ini]
[2020.06.04-14.06.26:158][  0]LogConfig: Setting CVar [[r.TranslucencyLightingVolumeDim:64]]
[2020.06.04-14.06.26:158][  0]LogConfig: Setting CVar [[r.RefractionQuality:2]]
[2020.06.04-14.06.26:158][  0]LogConfig: Setting CVar [[r.SSR.Quality:3]]
[2020.06.04-14.06.26:158][  0]LogConfig: Setting CVar [[r.SceneColorFormat:4]]
[2020.06.04-14.06.26:158][  0]LogConfig: Setting CVar [[r.DetailMode:2]]
[2020.06.04-14.06.26:158][  0]LogConfig: Setting CVar [[r.TranslucencyVolumeBlur:1]]
[2020.06.04-14.06.26:158][  0]LogConfig: Setting CVar [[r.MaterialQualityLevel:1 ; High quality]]
[2020.06.04-14.06.26:158][  0]LogConfig: Setting CVar [[r.SSS.Scale:1]]
[2020.06.04-14.06.26:158][  0]LogConfig: Setting CVar [[r.SSS.SampleSet:2]]
[2020.06.04-14.06.26:158][  0]LogConfig: Setting CVar [[r.SSS.Quality:1]]
[2020.06.04-14.06.26:158][  0]LogConfig: Setting CVar [[r.SSS.HalfRes:1]]
[2020.06.04-14.06.26:158][  0]LogConfig: Setting CVar [[r.EmitterSpawnRateScale:1.0]]
[2020.06.04-14.06.26:158][  0]LogConfig: Setting CVar [[r.ParticleLightQuality:2]]
[2020.06.04-14.06.26:158][  0]LogConfig: Applying CVar settings from Section [FoliageQuality@3] File [F:/others/hackathons/YAH 2k19/Drowsiness_Detection/MRT 4.23/Saved/Config/Windows/Scalability.ini]
[2020.06.04-14.06.26:158][  0]LogConfig: Setting CVar [[foliage.DensityScale:1.0]]
[2020.06.04-14.06.26:158][  0]LogConfig: Setting CVar [[grass.DensityScale:1.0]]
[2020.06.04-14.06.26:158][  0]LogConfig: Applying CVar settings from Section [Startup] File [../../../Engine/Config/ConsoleVariables.ini]
[2020.06.04-14.06.26:159][  0]LogConfig: Setting CVar [[net.UseAdaptiveNetUpdateFrequency:0]]
[2020.06.04-14.06.26:159][  0]LogConfig: Setting CVar [[p.chaos.AllowCreatePhysxBodies:1]]
[2020.06.04-14.06.26:159][  0]LogConfig: Applying CVar settings from Section [ConsoleVariables] File [F:/others/hackathons/YAH 2k19/Drowsiness_Detection/MRT 4.23/Saved/Config/Windows/Engine.ini]
[2020.06.04-14.06.26:159][  0]LogInit: Computer: LAPTOP-P90EASUC
[2020.06.04-14.06.26:159][  0]LogInit: User: SrivatsavRaghu
[2020.06.04-14.06.26:159][  0]LogInit: CPU Page size=4096, Cores=2
[2020.06.04-14.06.26:159][  0]LogInit: High frequency timer resolution =10.000000 MHz
[2020.06.04-14.06.26:159][  0]LogMemory: Memory total: Physical=7.9GB (8GB approx)
[2020.06.04-14.06.26:159][  0]LogMemory: Platform Memory Stats for Windows
[2020.06.04-14.06.26:159][  0]LogMemory: Process Physical Memory: 99.65 MB used, 99.65 MB peak
[2020.06.04-14.06.26:159][  0]LogMemory: Process Virtual Memory: 87.80 MB used, 87.80 MB peak
[2020.06.04-14.06.26:159][  0]LogMemory: Physical Memory: 6597.31 MB used,  1511.60 MB free, 8108.91 MB total
[2020.06.04-14.06.26:159][  0]LogMemory: Virtual Memory: 4653.92 MB used,  134213072.00 MB free, 134217728.00 MB total
[2020.06.04-14.06.26:171][  0]LogWindows: WindowsPlatformFeatures enabled
[2020.06.04-14.06.26:231][  0]LogInit: Using OS detected language (en-US).
[2020.06.04-14.06.26:231][  0]LogInit: Using OS detected locale (en-IN).
[2020.06.04-14.06.26:234][  0]LogTextLocalizationManager: No specific localization for 'en-US' exists, so the 'en' localization will be used.
[2020.06.04-14.06.26:638][  0]LogInit: Setting process to per monitor DPI aware
[2020.06.04-14.06.26:706][  0]LogSlate: New Slate User Created.  User Index 0, Is Virtual User: 0
[2020.06.04-14.06.26:706][  0]LogSlate: Slate User Registered.  User Index 0, Is Virtual User: 0
[2020.06.04-14.06.28:216][  0]LogHMD: Failed to initialize OpenVR with code 110
[2020.06.04-14.06.28:216][  0]LogD3D11RHI: D3D11 adapters:
[2020.06.04-14.06.28:264][  0]LogD3D11RHI:    0. 'Intel(R) HD Graphics 620' (Feature Level 11_0)
[2020.06.04-14.06.28:264][  0]LogD3D11RHI:       128/0/4054 MB DedicatedVideo/DedicatedSystem/SharedSystem, Outputs:1, VendorId:0x8086
[2020.06.04-14.06.28:346][  0]LogD3D11RHI:    1. 'Radeon(TM) 530' (Feature Level 11_0)
[2020.06.04-14.06.28:346][  0]LogD3D11RHI:       4087/0/4054 MB DedicatedVideo/DedicatedSystem/SharedSystem, Outputs:0, VendorId:0x1002
[2020.06.04-14.06.28:351][  0]LogD3D11RHI:    2. 'Microsoft Basic Render Driver' (Feature Level 11_0)
[2020.06.04-14.06.28:351][  0]LogD3D11RHI:       0/0/4054 MB DedicatedVideo/DedicatedSystem/SharedSystem, Outputs:0, VendorId:0x1414
[2020.06.04-14.06.28:351][  0]LogD3D11RHI: Chosen D3D11 Adapter: 1
[2020.06.04-14.06.28:378][  0]LogD3D11RHI: Creating new Direct3DDevice
[2020.06.04-14.06.28:378][  0]LogD3D11RHI:     GPU DeviceId: 0x6900 (for the marketing name, search the web for "GPU Device Id")
[2020.06.04-14.06.28:378][  0]LogWindows: EnumDisplayDevices:
[2020.06.04-14.06.28:378][  0]LogWindows:    0. 'Intel(R) HD Graphics 620' (P:1 D:1)
[2020.06.04-14.06.28:379][  0]LogWindows:    1. 'Intel(R) HD Graphics 620' (P:0 D:0)
[2020.06.04-14.06.28:380][  0]LogWindows:    2. 'Intel(R) HD Graphics 620' (P:0 D:0)
[2020.06.04-14.06.28:380][  0]LogWindows: DebugString: PrimaryIsNotTheChoosenAdapter PrimaryIsNotTheChoosenAdapter PrimaryIsNotTheChoosenAdapter FoundDriverCount:0 
[2020.06.04-14.06.28:380][  0]LogD3D11RHI:     Adapter Name: Radeon(TM) 530
[2020.06.04-14.06.28:380][  0]LogD3D11RHI:   Driver Version: Unknown (internal:Unknown, unified:Unknown)
[2020.06.04-14.06.28:380][  0]LogD3D11RHI:      Driver Date: Unknown
[2020.06.04-14.06.28:380][  0]LogRHI: Texture pool is 2860 MB (70% of 4087 MB)
[2020.06.04-14.06.33:781][  0]LogD3D11RHI: Async texture creation enabled
[2020.06.04-14.06.33:818][  0]LogD3D11RHI: GPU Timing Frequency: 27.000000 (Debug: 2 1)
[2020.06.04-14.06.38:612][  0]LogTemp: Display: Module 'AllDesktopTargetPlatform' loaded TargetPlatform 'AllDesktop'
[2020.06.04-14.06.38:840][  0]LogTemp: Display: Module 'MacClientTargetPlatform' loaded TargetPlatform 'MacClient'
[2020.06.04-14.06.38:892][  0]LogTemp: Display: Module 'MacNoEditorTargetPlatform' loaded TargetPlatform 'MacNoEditor'
[2020.06.04-14.06.38:950][  0]LogTemp: Display: Module 'MacServerTargetPlatform' loaded TargetPlatform 'MacServer'
[2020.06.04-14.06.39:172][  0]LogTemp: Display: Module 'MacTargetPlatform' loaded TargetPlatform 'Mac'
[2020.06.04-14.06.39:324][  0]LogTemp: Display: Module 'WindowsClientTargetPlatform' loaded TargetPlatform 'WindowsClient'
[2020.06.04-14.06.39:379][  0]LogTemp: Display: Module 'WindowsNoEditorTargetPlatform' loaded TargetPlatform 'WindowsNoEditor'
[2020.06.04-14.06.39:502][  0]LogTemp: Display: Module 'WindowsServerTargetPlatform' loaded TargetPlatform 'WindowsServer'
[2020.06.04-14.06.39:638][  0]LogTemp: Display: Module 'WindowsTargetPlatform' loaded TargetPlatform 'Windows'
[2020.06.04-14.06.39:758][  0]LogTemp: Display: Module 'AndroidTargetPlatform' loaded TargetPlatform 'Android'
[2020.06.04-14.06.39:758][  0]LogTemp: Display: Module 'AndroidTargetPlatform' loaded TargetPlatform 'Android_ASTC'
[2020.06.04-14.06.39:758][  0]LogTemp: Display: Module 'AndroidTargetPlatform' loaded TargetPlatform 'Android_ATC'
[2020.06.04-14.06.39:758][  0]LogTemp: Display: Module 'AndroidTargetPlatform' loaded TargetPlatform 'Android_DXT'
[2020.06.04-14.06.39:759][  0]LogTemp: Display: Module 'AndroidTargetPlatform' loaded TargetPlatform 'Android_ETC1'
[2020.06.04-14.06.39:759][  0]LogTemp: Display: Module 'AndroidTargetPlatform' loaded TargetPlatform 'Android_ETC1a'
[2020.06.04-14.06.39:759][  0]LogTemp: Display: Module 'AndroidTargetPlatform' loaded TargetPlatform 'Android_ETC2'
[2020.06.04-14.06.39:759][  0]LogTemp: Display: Module 'AndroidTargetPlatform' loaded TargetPlatform 'Android_PVRTC'
[2020.06.04-14.06.39:759][  0]LogTemp: Display: Module 'AndroidTargetPlatform' loaded TargetPlatform 'AndroidClient'
[2020.06.04-14.06.39:759][  0]LogTemp: Display: Module 'AndroidTargetPlatform' loaded TargetPlatform 'Android_ASTCClient'
[2020.06.04-14.06.39:759][  0]LogTemp: Display: Module 'AndroidTargetPlatform' loaded TargetPlatform 'Android_ATCClient'
[2020.06.04-14.06.39:759][  0]LogTemp: Display: Module 'AndroidTargetPlatform' loaded TargetPlatform 'Android_DXTClient'
[2020.06.04-14.06.39:759][  0]LogTemp: Display: Module 'AndroidTargetPlatform' loaded TargetPlatform 'Android_ETC1Client'
[2020.06.04-14.06.39:759][  0]LogTemp: Display: Module 'AndroidTargetPlatform' loaded TargetPlatform 'Android_ETC1aClient'
[2020.06.04-14.06.39:759][  0]LogTemp: Display: Module 'AndroidTargetPlatform' loaded TargetPlatform 'Android_ETC2Client'
[2020.06.04-14.06.39:759][  0]LogTemp: Display: Module 'AndroidTargetPlatform' loaded TargetPlatform 'Android_PVRTCClient'
[2020.06.04-14.06.39:759][  0]LogTemp: Display: Module 'AndroidTargetPlatform' loaded TargetPlatform 'Android_Multi'
[2020.06.04-14.06.39:759][  0]LogTemp: Display: Module 'AndroidTargetPlatform' loaded TargetPlatform 'Android_MultiClient'
[2020.06.04-14.06.39:891][  0]LogTemp: Display: Module 'HTML5TargetPlatform' loaded TargetPlatform 'HTML5'
[2020.06.04-14.06.40:060][  0]LogTemp: Display: Module 'IOSTargetPlatform' loaded TargetPlatform 'IOSClient'
[2020.06.04-14.06.40:060][  0]LogTemp: Display: Module 'IOSTargetPlatform' loaded TargetPlatform 'IOS'
[2020.06.04-14.06.40:097][  0]LogTemp: Display: Module 'TVOSTargetPlatform' loaded TargetPlatform 'TVOSClient'
[2020.06.04-14.06.40:097][  0]LogTemp: Display: Module 'TVOSTargetPlatform' loaded TargetPlatform 'TVOS'
[2020.06.04-14.06.40:208][  0]LogTemp: Display: Module 'LinuxClientTargetPlatform' loaded TargetPlatform 'LinuxClient'
[2020.06.04-14.06.40:231][  0]LogTemp: Display: Module 'LinuxNoEditorTargetPlatform' loaded TargetPlatform 'LinuxNoEditor'
[2020.06.04-14.06.40:246][  0]LogTemp: Display: Module 'LinuxServerTargetPlatform' loaded TargetPlatform 'LinuxServer'
[2020.06.04-14.06.40:285][  0]LogTemp: Display: Module 'LinuxTargetPlatform' loaded TargetPlatform 'Linux'
[2020.06.04-14.06.40:341][  0]LogTemp: Display: Module 'LuminTargetPlatform' loaded TargetPlatform 'Lumin'
[2020.06.04-14.06.40:341][  0]LogTemp: Display: Module 'LuminTargetPlatform' loaded TargetPlatform 'LuminClient'
[2020.06.04-14.06.40:341][  0]LogTargetPlatformManager: Display: Building Assets For Windows
[2020.06.04-14.06.40:581][  0]LogAudioDebug: Display: Lib vorbis DLL was dynamically loaded.
[2020.06.04-14.06.41:505][  0]LogShaderCompilers: Guid format shader working directory is -4 characters bigger than the processId version (F:/others/hackathons/YAH 2k19/Drowsiness_Detection/MRT 4.23/Intermediate/Shaders/WorkingDirectory/51540/).
[2020.06.04-14.06.41:505][  0]LogShaderCompilers: Cleaned the shader compiler working directory 'C:/Users/Srivatsav Raghu/AppData/Local/Temp/UnrealShaderWorkingDir/0413313443761F811FBD7886D51657B3/'.
[2020.06.04-14.06.41:519][  0]LogXGEController: Cannot use XGE Controller as Incredibuild is not installed on this machine.
[2020.06.04-14.06.41:519][  0]LogShaderCompilers: Cannot use XGE Shader Compiler as Incredibuild is not installed on this machine.
[2020.06.04-14.06.41:519][  0]LogShaderCompilers: Display: Using Local Shader Compiler.
[2020.06.04-14.06.58:536][  0]LogDerivedDataCache: Display: Max Cache Size: 512 MB
[2020.06.04-14.06.59:844][  0]LogDerivedDataCache: Loaded boot cache 1.31s 73MB C:/Users/Srivatsav Raghu/AppData/Local/UnrealEngine/4.23/DerivedDataCache/Boot.ddc.
[2020.06.04-14.06.59:844][  0]LogDerivedDataCache: Display: Loaded Boot cache: C:/Users/Srivatsav Raghu/AppData/Local/UnrealEngine/4.23/DerivedDataCache/Boot.ddc
[2020.06.04-14.06.59:844][  0]LogDerivedDataCache: FDerivedDataBackendGraph:  Pak pak cache file F:/others/hackathons/YAH 2k19/Drowsiness_Detection/MRT 4.23/DerivedDataCache/DDC.ddp not found, will not use a pak cache.
[2020.06.04-14.06.59:844][  0]LogDerivedDataCache: Unable to find inner node Pak for hierarchical cache Hierarchy.
[2020.06.04-14.06.59:844][  0]LogDerivedDataCache: FDerivedDataBackendGraph:  CompressedPak pak cache file F:/others/hackathons/YAH 2k19/Drowsiness_Detection/MRT 4.23/DerivedDataCache/Compressed.ddp not found, will not use a pak cache.
[2020.06.04-14.06.59:844][  0]LogDerivedDataCache: Unable to find inner node CompressedPak for hierarchical cache Hierarchy.
[2020.06.04-14.06.59:874][  0]LogDerivedDataCache: Display: Pak cache opened for reading ../../../Engine/DerivedDataCache/Compressed.ddp.
[2020.06.04-14.06.59:874][  0]LogDerivedDataCache: FDerivedDataBackendGraph:  EnterprisePak pak cache file ../../../Enterprise/DerivedDataCache/Compressed.ddp not found, will not use a pak cache.
[2020.06.04-14.06.59:874][  0]LogDerivedDataCache: Unable to find inner node EnterprisePak for hierarchical cache Hierarchy.
[2020.06.04-14.06.59:877][  0]LogDerivedDataCache: Using Local data cache path C:/Users/Srivatsav Raghu/AppData/Local/UnrealEngine/Common/DerivedDataCache: Writable
[2020.06.04-14.06.59:877][  0]LogDerivedDataCache: Shared data cache path not found in *engine.ini, will not use an Shared cache.
[2020.06.04-14.06.59:877][  0]LogDerivedDataCache: Unable to find inner node Shared for hierarchical cache Hierarchy.
[2020.06.04-14.06.59:928][  0]LogMaterial: Verifying Global Shaders for PCD3D_SM5
[2020.06.04-14.06.59:953][  0]LogSlate: Using FreeType 2.6.0
[2020.06.04-14.07.00:174][  0]LogSlate: SlateFontServices - WITH_FREETYPE: 1, WITH_HARFBUZZ: 1
[2020.06.04-14.07.08:371][  0]LogAssetRegistry: FAssetRegistry took 0.1470 seconds to start up
[2020.06.04-14.07.12:209][  0]LogInit: Selected Device Profile: [Windows]
[2020.06.04-14.07.14:858][  0]LogMeshReduction: Using QuadricMeshReduction for automatic static mesh reduction
[2020.06.04-14.07.14:858][  0]LogMeshReduction: Using SimplygonMeshReduction for automatic skeletal mesh reduction
[2020.06.04-14.07.14:858][  0]LogMeshReduction: Using ProxyLODMeshReduction for automatic mesh merging
[2020.06.04-14.07.14:858][  0]LogMeshReduction: No distributed automatic mesh merging module available
[2020.06.04-14.07.14:858][  0]LogMeshMerging: No distributed automatic mesh merging module available
[2020.06.04-14.07.15:083][  0]LogNetVersion: MRT 1.0.0, NetCL: 8386587, EngineNetVer: 11, GameNetVer: 0 (Checksum: 1782298850)
[2020.06.04-14.07.19:351][  0]LogPackageLocalizationCache: Processed 12 localized package path(s) for 1 prioritized culture(s) in 0.164660 seconds
[2020.06.04-14.07.19:382][  0]LogUObjectArray: 43444 objects as part of root set at end of initial load.
[2020.06.04-14.07.19:382][  0]LogUObjectAllocator: 7548648 out of 0 bytes used by permanent object pool.
[2020.06.04-14.07.19:382][  0]LogUObjectArray: CloseDisregardForGC: 0/0 objects in disregard for GC pool
[2020.06.04-14.08.53:115][  0]LogTcpMessaging: Initializing TcpMessaging bridge
[2020.06.04-14.08.53:285][  0]LogUdpMessaging: Initializing bridge on interface 0.0.0.0:0 to multicast group 230.0.0.1:6666.
[2020.06.04-14.08.54:420][  0]SourceControl: Source control is disabled
[2020.06.04-14.08.54:420][  0]SourceControl: Source control is disabled
[2020.06.04-14.08.54:582][  0]SourceControl: Source control is disabled
[2020.06.04-14.08.54:692][  0]SourceControl: Source control is disabled
[2020.06.04-14.08.57:789][  0]LogAndroidPermission: UAndroidPermissionCallbackProxy::GetInstance
[2020.06.04-14.08.59:618][  0]LogOcInput: OculusInput pre-init called
[2020.06.04-14.08.59:784][  0]LogWindows: Failed to load 'OVRPlugin.dll' (GetLastError=126)
[2020.06.04-14.08.59:784][  0]LogWindows: File 'OVRPlugin.dll' does not exist
[2020.06.04-14.09.00:668][  0]LogEngine: Initializing Engine...
[2020.06.04-14.09.00:683][  0]LogHMD: Failed to initialize OpenVR with code 110
[2020.06.04-14.09.00:769][  0]LogStats: UGameplayTagsManager::InitializeManager -  0.000 s
[2020.06.04-14.09.01:476][  0]LogInit: Initializing FReadOnlyCVARCache
[2020.06.04-14.09.02:752][  0]LogAIModule: Creating AISystem for world Untitled
[2020.06.04-14.09.02:923][  0]LogInit: XAudio2 using 'Speaker/Headphone (Realtek High Definition Audio)' : 2 channels at 48 kHz using 32 bits per sample (channel mask 0x3)
[2020.06.04-14.09.03:292][  0]LogInit: FAudioDevice initialized.
[2020.06.04-14.09.03:292][  0]LogNetVersion: Set ProjectVersion to 1.0.0.0. Version Checksum will be recalculated on next use.
[2020.06.04-14.09.04:199][  0]LogDerivedDataCache: Saved boot cache 0.91s 73MB C:/Users/Srivatsav Raghu/AppData/Local/UnrealEngine/4.23/DerivedDataCache/Boot.ddc.
[2020.06.04-14.09.04:216][  0]LogInit: Texture streaming: Enabled
[2020.06.04-14.09.04:920][  0]LogEngineSessionManager: EngineSessionManager initialized
[2020.06.04-14.09.08:511][  0]LogInit: Transaction tracking system initialized
[2020.06.04-14.09.10:028][  0]BlueprintLog: New page: Editor Load
[2020.06.04-14.09.14:599][  0]LocalizationService: Localization service is disabled
[2020.06.04-14.09.23:816][  0]LogFileCache: Scanning file cache for directory 'F:/others/hackathons/YAH 2k19/Drowsiness_Detection/MRT 4.23/Content/' took 0.05s
[2020.06.04-14.09.23:816][  0]LogCook: Display: Max memory allowance for cook 16384mb min free memory 0mb
[2020.06.04-14.09.23:816][  0]LogCook: Display: Mobile HDR setting 1
[2020.06.04-14.09.41:240][  0]SourceControl: Source control is disabled
[2020.06.04-14.09.41:240][  0]Cmd: MAP LOAD FILE="F:/others/hackathons/YAH 2k19/Drowsiness_Detection/MRT 4.23/Content/MRT/Maps/LevelDemo_Sunny.umap" TEMPLATE=0 SHOWPROGRESS=1 FEATURELEVEL=3
[2020.06.04-14.09.41:241][  0]LightingResults: New page: Lighting Build
[2020.06.04-14.09.41:814][  0]LogWorld: UWorld::CleanupWorld for Untitled, bSessionEnded=true, bCleanupResources=true
[2020.06.04-14.09.41:814][  0]MapCheck: New page: Map Check
[2020.06.04-14.09.41:814][  0]LightingResults: New page: Lighting Build
[2020.06.04-14.09.41:845][  0]LogUObjectHash: Compacting FUObjectHashTables data took   2.03ms
[2020.06.04-14.10.32:847][  0]LogAIModule: Creating AISystem for world LevelDemo_Sunny
[2020.06.04-14.10.33:387][  0]LogScript: Warning: Accessed None trying to read property CallFunc_Array_Get_Item_23
	BP_ModularRoadTool_C /Game/MRT/Maps/LevelDemo_Sunny.LevelDemo_Sunny:PersistentLevel.BP_ModularRoadTool_C_110803
	Function /Game/MRT/Blueprints/BP_ModularRoadTool.BP_ModularRoadTool_C:UserConstructionScript:010A
[2020.06.04-14.10.33:907][  0]LogScript: Warning: Script Msg: Attempted to access index 29 from array 'RoadSegments' of length 29 in '/Game/MRT/Blueprints/BP_ModularRoadTool.BP_ModularRoadTool_C'!
[2020.06.04-14.10.34:356][  0]LogScript: Warning: Accessed None trying to read property CallFunc_Array_Get_Item_23
	BP_ModularRoadTool_C /Game/MRT/Maps/LevelDemo_Sunny.LevelDemo_Sunny:PersistentLevel.BP_ModularRoadTool_C_119278
	Function /Game/MRT/Blueprints/BP_ModularRoadTool.BP_ModularRoadTool_C:UserConstructionScript:010A
[2020.06.04-14.10.34:461][  0]LogScript: Warning: Script Msg: Attempted to access index 5 from array 'RoadSegments' of length 5 in '/Game/MRT/Blueprints/BP_ModularRoadTool.BP_ModularRoadTool_C'!
[2020.06.04-14.10.34:491][  0]LogScript: Warning: Accessed None trying to read property CallFunc_Array_Get_Item_23
	BP_ModularRoadTool_C /Game/MRT/Maps/LevelDemo_Sunny.LevelDemo_Sunny:PersistentLevel.BP_ModularRoadTool_C_135480
	Function /Game/MRT/Blueprints/BP_ModularRoadTool.BP_ModularRoadTool_C:UserConstructionScript:010A
[2020.06.04-14.10.34:708][  0]LogScript: Warning: Script Msg: Attempted to access index 9 from array 'RoadSegments' of length 9 in '/Game/MRT/Blueprints/BP_ModularRoadTool.BP_ModularRoadTool_C'!
[2020.06.04-14.10.34:825][  0]LogScript: Warning: Accessed None trying to read property CallFunc_Array_Get_Item_23
	BP_ModularRoadTool_C /Game/MRT/Maps/LevelDemo_Sunny.LevelDemo_Sunny:PersistentLevel.BP_ModularRoadTool_C_144194
	Function /Game/MRT/Blueprints/BP_ModularRoadTool.BP_ModularRoadTool_C:UserConstructionScript:010A
[2020.06.04-14.10.35:294][  0]LogScript: Warning: Script Msg: Attempted to access index 14 from array 'RoadSegments' of length 14 in '/Game/MRT/Blueprints/BP_ModularRoadTool.BP_ModularRoadTool_C'!
[2020.06.04-14.10.35:975][  0]LogScript: Warning: Accessed None trying to read property CallFunc_Array_Get_Item_23
	BP_ModularRoadTool_C /Game/MRT/Maps/LevelDemo_Sunny.LevelDemo_Sunny:PersistentLevel.BP_ModularRoadTool_C_144195
	Function /Game/MRT/Blueprints/BP_ModularRoadTool.BP_ModularRoadTool_C:UserConstructionScript:010A
[2020.06.04-14.10.36:786][  0]LogScript: Warning: Script Msg: Attempted to access index 38 from array 'RoadSegments' of length 38 in '/Game/MRT/Blueprints/BP_ModularRoadTool.BP_ModularRoadTool_C'!
[2020.06.04-14.10.39:464][  0]LogScript: Warning: Accessed None trying to read property CallFunc_Array_Get_Item_23
	BP_ModularRoadTool_C /Game/MRT/Maps/LevelDemo_Sunny.LevelDemo_Sunny:PersistentLevel.BP_ModularRoadTool_C_24233
	Function /Game/MRT/Blueprints/BP_ModularRoadTool.BP_ModularRoadTool_C:UserConstructionScript:010A
[2020.06.04-14.10.44:128][  0]LogScript: Warning: Script Msg: Attempted to access index 37 from array 'RoadSegments' of length 37 in '/Game/MRT/Blueprints/BP_ModularRoadTool.BP_ModularRoadTool_C'!
[2020.06.04-14.10.50:062][  0]LogScript: Warning: Accessed None trying to read property CallFunc_Array_Get_Item_23
	BP_ModularRoadTool_C /Game/MRT/Maps/LevelDemo_Sunny.LevelDemo_Sunny:PersistentLevel.BP_ModularRoadTool_C_33189
	Function /Game/MRT/Blueprints/BP_ModularRoadTool.BP_ModularRoadTool_C:UserConstructionScript:010A
[2020.06.04-14.10.59:175][  0]LogScript: Warning: Script Msg: Attempted to access index 25 from array 'RoadSegments' of length 25 in '/Game/MRT/Blueprints/BP_ModularRoadTool.BP_ModularRoadTool_C'!
[2020.06.04-14.11.00:304][  0]LogScript: Warning: Accessed None trying to read property CallFunc_Array_Get_Item_23
	BP_ModularRoadTool_C /Game/MRT/Maps/LevelDemo_Sunny.LevelDemo_Sunny:PersistentLevel.BP_ModularRoadTool_C_39266
	Function /Game/MRT/Blueprints/BP_ModularRoadTool.BP_ModularRoadTool_C:UserConstructionScript:010A
[2020.06.04-14.11.07:536][  0]LogScript: Warning: Script Msg: Attempted to access index 45 from array 'RoadSegments' of length 45 in '/Game/MRT/Blueprints/BP_ModularRoadTool.BP_ModularRoadTool_C'!
[2020.06.04-14.11.08:386][  0]LogScript: Warning: Accessed None trying to read property CallFunc_Array_Get_Item_23
	BP_ModularRoadTool_C /Game/MRT/Maps/LevelDemo_Sunny.LevelDemo_Sunny:PersistentLevel.BP_ModularRoadTool_C_55101
	Function /Game/MRT/Blueprints/BP_ModularRoadTool.BP_ModularRoadTool_C:UserConstructionScript:010A
[2020.06.04-14.11.13:191][  0]LogScript: Warning: Script Msg: Attempted to access index 25 from array 'RoadSegments' of length 25 in '/Game/MRT/Blueprints/BP_ModularRoadTool.BP_ModularRoadTool_C'!
[2020.06.04-14.11.13:351][  0]LogScript: Warning: Accessed None trying to read property CallFunc_Array_Get_Item_23
	BP_ModularRoadTool_C /Game/MRT/Maps/LevelDemo_Sunny.LevelDemo_Sunny:PersistentLevel.BP_ModularRoadTool_C_65549
	Function /Game/MRT/Blueprints/BP_ModularRoadTool.BP_ModularRoadTool_C:UserConstructionScript:010A
[2020.06.04-14.11.17:850][  0]LogScript: Warning: Script Msg: Attempted to access index 7 from array 'RoadSegments' of length 7 in '/Game/MRT/Blueprints/BP_ModularRoadTool.BP_ModularRoadTool_C'!
[2020.06.04-14.11.17:921][  0]LogScript: Warning: Accessed None trying to read property CallFunc_Array_Get_Item_23
	BP_ModularRoadTool_C /Game/MRT/Maps/LevelDemo_Sunny.LevelDemo_Sunny:PersistentLevel.BP_ModularRoadTool_C_69536
	Function /Game/MRT/Blueprints/BP_ModularRoadTool.BP_ModularRoadTool_C:UserConstructionScript:010A
[2020.06.04-14.11.25:150][  0]LogScript: Warning: Script Msg: Attempted to access index 23 from array 'RoadSegments' of length 23 in '/Game/MRT/Blueprints/BP_ModularRoadTool.BP_ModularRoadTool_C'!
[2020.06.04-14.11.25:284][  0]LogScript: Warning: Accessed None trying to read property CallFunc_Array_Get_Item_23
	BP_ModularRoadTool_C /Game/MRT/Maps/LevelDemo_Sunny.LevelDemo_Sunny:PersistentLevel.BP_ModularRoadTool_C_70955
	Function /Game/MRT/Blueprints/BP_ModularRoadTool.BP_ModularRoadTool_C:UserConstructionScript:010A
[2020.06.04-14.11.31:893][  0]LogScript: Warning: Script Msg: Attempted to access index 13 from array 'RoadSegments' of length 13 in '/Game/MRT/Blueprints/BP_ModularRoadTool.BP_ModularRoadTool_C'!
[2020.06.04-14.11.32:599][  0]LogScript: Warning: Accessed None trying to read property CallFunc_Array_Get_Item_23
	BP_ModularRoadTool_C /Game/MRT/Maps/LevelDemo_Sunny.LevelDemo_Sunny:PersistentLevel.BP_ModularRoadTool_C_77692
	Function /Game/MRT/Blueprints/BP_ModularRoadTool.BP_ModularRoadTool_C:UserConstructionScript:010A
[2020.06.04-14.11.38:400][  0]LogScript: Warning: Script Msg: Attempted to access index 14 from array 'RoadSegments' of length 14 in '/Game/MRT/Blueprints/BP_ModularRoadTool.BP_ModularRoadTool_C'!
[2020.06.04-14.11.39:284][  0]LogScript: Warning: Accessed None trying to read property CallFunc_Array_Get_Item_23
	BP_ModularRoadTool_C /Game/MRT/Maps/LevelDemo_Sunny.LevelDemo_Sunny:PersistentLevel.BP_ModularRoadTool_C_99822
	Function /Game/MRT/Blueprints/BP_ModularRoadTool.BP_ModularRoadTool_C:UserConstructionScript:010A
[2020.06.04-14.12.08:984][  0]LogScript: Warning: Script Msg: Attempted to access index 51 from array 'RoadSegments' of length 51 in '/Game/MRT/Blueprints/BP_ModularRoadTool.BP_ModularRoadTool_C'!
[2020.06.04-14.12.16:247][  0]LogEditorServer: Finished looking for orphan Actors (0.000 secs)
[2020.06.04-14.12.23:498][  0]LogUObjectHash: Compacting FUObjectHashTables data took   6.33ms
[2020.06.04-14.12.23:504][  0]Cmd: MAP CHECKDEP NOCLEARLOG
[2020.06.04-14.12.23:652][  0]MapCheck: Map check complete: 0 Error(s), 0 Warning(s), took 0.149ms to complete.
[2020.06.04-14.12.23:652][  0]LogFileHelpers: Loading map 'LevelDemo_Sunny' took 162.413
[2020.06.04-14.12.31:285][  0]LogSlate: Updating window title bar state: overlay mode, drag disabled, window buttons hidden, title bar hidden
[2020.06.04-14.12.31:293][  0]LogSlate: Updating window title bar state: overlay mode, drag disabled, window buttons hidden, title bar hidden
[2020.06.04-14.12.31:303][  0]LogSlate: Updating window title bar state: overlay mode, drag disabled, window buttons hidden, title bar hidden
[2020.06.04-14.12.31:313][  0]LogSlate: Updating window title bar state: overlay mode, drag disabled, window buttons hidden, title bar hidden
[2020.06.04-14.12.43:568][  0]LogCollectionManager: Loaded 0 collections in 0.003430 seconds
[2020.06.04-14.12.44:939][  0]LogFileCache: Scanning file cache for directory 'F:/others/hackathons/YAH 2k19/Drowsiness_Detection/MRT 4.23/Saved/Collections/' took 0.00s
[2020.06.04-14.12.44:939][  0]LogFileCache: Scanning file cache for directory 'F:/others/hackathons/YAH 2k19/Drowsiness_Detection/MRT 4.23/Content/Developers/SrivatsavRaghu/Collections/' took 0.00s
[2020.06.04-14.12.44:939][  0]LogFileCache: Scanning file cache for directory 'F:/others/hackathons/YAH 2k19/Drowsiness_Detection/MRT 4.23/Content/Collections/' took 0.00s
[2020.06.04-14.12.44:939][  0]LogCollectionManager: Rebuilt the GUID cache for 0 collections in 0.000003 seconds
[2020.06.04-14.12.45:121][  0]LogContentBrowser: Native class hierarchy populated in 0.1813 seconds. Added 2865 classes and 683 folders.
[2020.06.04-14.12.46:667][  0]LogContentBrowser: Native class hierarchy updated for 'WidgetCarousel' in 0.0003 seconds. Added 0 classes and 0 folders.
[2020.06.04-14.14.07:066][  0]LogContentBrowser: Native class hierarchy updated for 'AddContentDialog' in 0.0005 seconds. Added 0 classes and 0 folders.
[2020.06.04-14.14.08:853][  0]LogContentBrowser: Native class hierarchy updated for 'SceneOutliner' in 0.0004 seconds. Added 1 classes and 2 folders.
[2020.06.04-14.14.13:160][  0]LogSlate: Took 1.533237 seconds to synchronously load lazily loaded font '../../../Engine/Content/Slate/Fonts/Roboto-Bold.ttf' (160K)
[2020.06.04-14.14.13:786][  0]LogSlate: Took 0.591466 seconds to synchronously load lazily loaded font '../../../Engine/Content/Slate/Fonts/Roboto-Regular.ttf' (155K)
[2020.06.04-14.14.14:957][  0]LogContentBrowser: Native class hierarchy updated for 'HierarchicalLODOutliner' in 0.0005 seconds. Added 0 classes and 0 folders.
[2020.06.04-14.14.14:957][  0]LogLoad: (Engine Initialization) Total time: 473.15 seconds
[2020.06.04-14.14.14:982][  0]LogLoad: (Engine Initialization) Total Blueprint compile time: 0.00 seconds
[2020.06.04-14.14.15:404][  0]LogRawInputWindows: Warning: Found device 0 devices
[2020.06.04-14.14.15:404][  0]LogRawInputWindows: Warning: Found device 0 devices
[2020.06.04-14.14.15:404][  0]LogRawInputWindows: Warning: Device was registered succesfully but not connected (Usage:4 UsagePage:1)
[2020.06.04-14.14.15:404][  0]LogRawInputWindows: Warning: Found device 1 devices
[2020.06.04-14.14.15:404][  0]LogRawInputWindows: Warning: Device was registered succesfully but not connected (Usage:5 UsagePage:1)
[2020.06.04-14.14.19:466][  0]LogContentStreaming: Texture pool size now 1000 MB
[2020.06.04-14.14.22:482][  0]LogSlate: Took 2.775116 seconds to synchronously load lazily loaded font '../../../Engine/Content/Editor/Slate/Fonts/FontAwesome.ttf' (139K)
[2020.06.04-14.14.27:205][  0]LogRenderer: Reallocating scene render targets to support 804x360 Format 10 NumSamples 1 (Frame:1).
[2020.06.04-14.14.27:834][  0]LogD3D11RHI: Error: agsDriverExtensionsDX11_SetDepthBounds(1,0.000000, 1.000000) returned error code 6. **********PLEASE UPDATE YOUR VIDEO DRIVERS*********
[2020.06.04-14.14.33:928][  0]LogSlate: Took 1.606693 seconds to synchronously load lazily loaded font '../../../Engine/Content/Slate/Fonts/Roboto-Light.ttf' (167K)
[2020.06.04-14.15.30:604][ 78]LogUObjectHash: Compacting FUObjectHashTables data took   1.32ms
[2020.06.04-14.15.35:504][ 78]LogSlate: Window 'MRT - Unreal Editor' being destroyed
[2020.06.04-14.15.36:252][ 78]LogWindowsTextInputMethodSystem: Display: IME system now deactivated.
[2020.06.04-14.15.57:161][ 79]Cmd: QUIT_EDITOR
[2020.06.04-14.16.12:973][ 79]LogExit: Preparing to exit.
[2020.06.04-14.16.28:910][ 79]LogDemo: Cleaned up 0 splitscreen connections with owner deletion
[2020.06.04-14.16.38:275][ 79]LogWorld: UWorld::CleanupWorld for None, bSessionEnded=true, bCleanupResources=true
[2020.06.04-14.16.38:275][ 79]LogExit: Editor shut down
[2020.06.04-14.16.38:276][ 79]LogExit: Transaction tracking system shut down
[2020.06.04-14.17.16:402][ 79]LogExit: Object subsystem successfully closed.
[2020.06.04-14.17.26:406][ 79]LogShaderCompilers: Display: Shaders left to compile 0
[2020.06.04-14.17.40:866][ 79]LogModuleManager: Shutting down and abandoning module HierarchicalLODOutliner (670)
[2020.06.04-14.17.40:866][ 79]LogModuleManager: Shutting down and abandoning module SceneOutliner (668)
[2020.06.04-14.17.40:866][ 79]LogModuleManager: Shutting down and abandoning module AddContentDialog (666)
[2020.06.04-14.17.40:950][ 79]LogModuleManager: Shutting down and abandoning module WidgetCarousel (665)
[2020.06.04-14.17.40:950][ 79]LogModuleManager: Shutting down and abandoning module EditorWidgets (662)
[2020.06.04-14.17.40:950][ 79]LogModuleManager: Shutting down and abandoning module CollectionManager (660)
[2020.06.04-14.17.41:073][ 79]LogModuleManager: Shutting down and abandoning module StatsViewer (658)
[2020.06.04-14.17.41:376][ 79]LogModuleManager: Shutting down and abandoning module VirtualTexturingEditor (656)
[2020.06.04-14.17.41:376][ 79]LogModuleManager: Shutting down and abandoning module FoliageEdit (654)
[2020.06.04-14.17.41:695][ 79]LogModuleManager: Shutting down and abandoning module LandscapeEditor (652)
[2020.06.04-14.17.42:501][ 79]LogModuleManager: Shutting down and abandoning module MeshPaintMode (650)
[2020.06.04-14.17.42:519][ 79]LogModuleManager: Shutting down and abandoning module SceneDepthPickerMode (648)
[2020.06.04-14.17.42:576][ 79]LogModuleManager: Shutting down and abandoning module ActorPickerMode (646)
[2020.06.04-14.17.42:576][ 79]LogModuleManager: Shutting down and abandoning module GeometryMode (644)
[2020.06.04-14.17.42:594][ 79]LogModuleManager: Shutting down and abandoning module TextureAlignMode (642)
[2020.06.04-14.17.42:594][ 79]LogModuleManager: Shutting down and abandoning module BspMode (640)
[2020.06.04-14.17.42:594][ 79]LogModuleManager: Shutting down and abandoning module PIEPreviewDeviceProfileSelector (638)
[2020.06.04-14.17.42:866][ 79]LogModuleManager: Shutting down and abandoning module SequenceRecorderSections (636)
[2020.06.04-14.17.42:866][ 79]LogModuleManager: Shutting down and abandoning module AutomationWorker (634)
[2020.06.04-14.17.43:156][ 79]LogModuleManager: Shutting down and abandoning module OculusMR (632)
[2020.06.04-14.17.43:156][ 79]LogModuleManager: Shutting down and abandoning module AudioCaptureEditor (630)
[2020.06.04-14.17.43:181][ 79]LogModuleManager: Shutting down and abandoning module MatineeToLevelSequence (628)
[2020.06.04-14.17.43:342][ 79]LogModuleManager: Shutting down and abandoning module LevelSequenceEditor (626)
[2020.06.04-14.17.44:288][ 79]LogModuleManager: Shutting down and abandoning module PlacementMode (625)
[2020.06.04-14.17.44:288][ 79]LogModuleManager: Shutting down and abandoning module MaterialEditor (624)
[2020.06.04-14.17.44:511][ 79]LogModuleManager: Shutting down and abandoning module ActorSequenceEditor (620)
[2020.06.04-14.17.44:773][ 79]LogModuleManager: Shutting down and abandoning module WmfMediaFactory (618)
[2020.06.04-14.17.44:773][ 79]LogModuleManager: Shutting down and abandoning module WmfMediaEditor (616)
[2020.06.04-14.17.44:773][ 79]LogModuleManager: Shutting down and abandoning module WebMMediaFactory (614)
[2020.06.04-14.17.44:837][ 79]LogModuleManager: Shutting down and abandoning module WebMMediaEditor (612)
[2020.06.04-14.17.44:837][ 79]LogModuleManager: Shutting down and abandoning module WebMMedia (610)
[2020.06.04-14.17.44:892][ 79]LogModuleManager: Shutting down and abandoning module MediaPlayerEditor (608)
[2020.06.04-14.17.45:318][ 79]LogModuleManager: Shutting down and abandoning module MediaCompositingEditor (606)
[2020.06.04-14.17.45:688][ 79]LogModuleManager: Shutting down and abandoning module SequenceRecorder (605)
[2020.06.04-14.17.45:688][ 79]LogModuleManager: Shutting down and abandoning module OpenExrWrapper (602)
[2020.06.04-14.17.45:688][ 79]LogModuleManager: Shutting down and abandoning module ImgMediaFactory (600)
[2020.06.04-14.17.45:688][ 79]LogModuleManager: Shutting down and abandoning module ImgMediaEditor (598)
[2020.06.04-14.17.45:688][ 79]LogModuleManager: Shutting down and abandoning module AvfMediaFactory (596)
[2020.06.04-14.17.45:688][ 79]LogModuleManager: Shutting down and abandoning module AvfMediaEditor (594)
[2020.06.04-14.17.45:689][ 79]LogModuleManager: Shutting down and abandoning module AndroidMediaFactory (592)
[2020.06.04-14.17.45:689][ 79]LogModuleManager: Shutting down and abandoning module AndroidMediaEditor (590)
[2020.06.04-14.17.45:689][ 79]LogModuleManager: Shutting down and abandoning module MagicLeapCameraPreviewFactory (588)
[2020.06.04-14.17.45:689][ 79]LogModuleManager: Shutting down and abandoning module MagicLeapMediaCodecFactory (586)
[2020.06.04-14.17.45:769][ 79]LogModuleManager: Shutting down and abandoning module MagicLeapMediaFactory (584)
[2020.06.04-14.17.46:008][ 79]LogModuleManager: Shutting down and abandoning module MagicLeapMediaEditor (582)
[2020.06.04-14.17.46:008][ 79]LogModuleManager: Shutting down and abandoning module CharacterAI (580)
[2020.06.04-14.17.46:008][ 79]LogModuleManager: Shutting down and abandoning module SmartSnapping (578)
[2020.06.04-14.17.46:030][ 79]LogModuleManager: Shutting down and abandoning module SessionServices (576)
[2020.06.04-14.17.46:105][ 79]LogModuleManager: Shutting down and abandoning module MeshPaint (574)
[2020.06.04-14.17.46:466][ 79]LogModuleManager: Shutting down and abandoning module ViewportSnapping (572)
[2020.06.04-14.17.46:466][ 79]LogModuleManager: Shutting down and abandoning module ViewportInteraction (570)
[2020.06.04-14.17.46:466][ 79]LogModuleManager: Shutting down and abandoning module ClothPainter (568)
[2020.06.04-14.17.46:951][ 79]LogModuleManager: Shutting down and abandoning module SkeletalMeshEditor (567)
[2020.06.04-14.17.47:290][ 79]LogModuleManager: Shutting down and abandoning module LogVisualizer (564)
[2020.06.04-14.17.47:597][ 79]LogModuleManager: Shutting down and abandoning module IntroTutorials (562)
[2020.06.04-14.17.47:702][ 79]LogModuleManager: Shutting down and abandoning module GameProjectGeneration (561)
[2020.06.04-14.17.47:772][ 79]LogModuleManager: Shutting down and abandoning module LuminPlatformEditor (558)
[2020.06.04-14.17.47:772][ 79]LogModuleManager: Shutting down and abandoning module IOSPlatformEditor (556)
[2020.06.04-14.17.47:839][ 79]LogModuleManager: Shutting down and abandoning module HTML5PlatformEditor (554)
[2020.06.04-14.17.47:839][ 79]LogModuleManager: Shutting down and abandoning module AndroidPlatformEditor (552)
[2020.06.04-14.17.47:839][ 79]LogModuleManager: Shutting down and abandoning module AndroidDeviceDetection (551)
[2020.06.04-14.17.49:058][ 79]LogModuleManager: Shutting down and abandoning module WindowsPlatformEditor (548)
[2020.06.04-14.17.49:058][ 79]LogModuleManager: Shutting down and abandoning module LuminRuntimeSettings (546)
[2020.06.04-14.17.49:058][ 79]LogModuleManager: Shutting down and abandoning module IOSRuntimeSettings (544)
[2020.06.04-14.17.49:059][ 79]LogModuleManager: Shutting down and abandoning module AndroidRuntimeSettings (542)
[2020.06.04-14.17.49:059][ 79]LogModuleManager: Shutting down and abandoning module TimeManagementEditor (540)
[2020.06.04-14.17.49:059][ 79]LogModuleManager: Shutting down and abandoning module InputBindingEditor (538)
[2020.06.04-14.17.49:149][ 79]LogModuleManager: Shutting down and abandoning module MergeActors (536)
[2020.06.04-14.17.49:374][ 79]LogModuleManager: Shutting down and abandoning module LocalizationDashboard (534)
[2020.06.04-14.17.49:747][ 79]LogModuleManager: Shutting down and abandoning module LocalizationService (533)
[2020.06.04-14.17.49:966][ 79]LogModuleManager: Shutting down and abandoning module HardwareTargeting (530)
[2020.06.04-14.17.49:966][ 79]LogModuleManager: Shutting down and abandoning module DeviceProfileEditor (528)
[2020.06.04-14.17.50:113][ 79]LogModuleManager: Shutting down and abandoning module UndoHistory (526)
[2020.06.04-14.17.50:203][ 79]LogModuleManager: Shutting down and abandoning module XmlParser (524)
[2020.06.04-14.17.50:348][ 79]LogModuleManager: Shutting down and abandoning module Blutility (522)
[2020.06.04-14.17.50:349][ 79]LogModuleManager: Shutting down and abandoning module ProjectSettingsViewer (520)
[2020.06.04-14.17.50:394][ 79]LogModuleManager: Shutting down and abandoning module ProjectTargetPlatformEditor (519)
[2020.06.04-14.17.50:478][ 79]LogModuleManager: Shutting down and abandoning module EditorSettingsViewer (516)
[2020.06.04-14.17.50:578][ 79]LogModuleManager: Shutting down and abandoning module SettingsEditor (514)
[2020.06.04-14.17.50:672][ 79]LogModuleManager: Shutting down and abandoning module ProjectLauncher (512)
[2020.06.04-14.17.50:778][ 79]LogModuleManager: Shutting down and abandoning module SessionFrontend (510)
[2020.06.04-14.17.50:862][ 79]LogModuleManager: Shutting down and abandoning module ProfilerClient (508)
[2020.06.04-14.17.50:893][ 79]LogModuleManager: Shutting down and abandoning module DeviceManager (506)
[2020.06.04-14.17.50:935][ 79]LogModuleManager: Shutting down and abandoning module TargetDeviceServices (505)
[2020.06.04-14.17.51:009][ 79]LogModuleManager: Shutting down and abandoning module AutomationController (502)
[2020.06.04-14.17.51:177][ 79]LogModuleManager: Shutting down and abandoning module AutomationWindow (500)
[2020.06.04-14.17.51:343][ 79]LogModuleManager: Shutting down and abandoning module Layers (498)
[2020.06.04-14.17.51:720][ 79]LogModuleManager: Shutting down and abandoning module ComponentVisualizers (496)
[2020.06.04-14.17.51:720][ 79]LogModuleManager: Shutting down and abandoning module DetailCustomizations (494)
[2020.06.04-14.17.52:042][ 79]LogModuleManager: Shutting down and abandoning module PackagesDialog (492)
[2020.06.04-14.17.52:101][ 79]LogModuleManager: Shutting down and abandoning module AnimationBlueprintEditor (490)
[2020.06.04-14.17.52:478][ 79]LogModuleManager: Shutting down and abandoning module Persona (488)
[2020.06.04-14.17.52:905][ 79]LogModuleManager: Shutting down and abandoning module AdvancedPreviewScene (487)
[2020.06.04-14.17.52:905][ 79]LogModuleManager: Shutting down and abandoning module AnimGraph (485)
[2020.06.04-14.17.52:905][ 79]LogModuleManager: Shutting down and abandoning module Kismet (482)
[2020.06.04-14.17.53:255][ 79]LogModuleManager: Shutting down and abandoning module KismetWidgets (481)
[2020.06.04-14.17.53:271][ 79]LogModuleManager: Shutting down and abandoning module GraphEditor (478)
[2020.06.04-14.17.53:510][ 79]LogModuleManager: Shutting down and abandoning module StructViewer (476)
[2020.06.04-14.17.53:564][ 79]LogModuleManager: Shutting down and abandoning module ClassViewer (474)
[2020.06.04-14.17.53:583][ 79]LogModuleManager: Shutting down and abandoning module Toolbox (472)
[2020.06.04-14.17.53:685][ 79]LogModuleManager: Shutting down and abandoning module ModuleUI (470)
[2020.06.04-14.17.53:707][ 79]LogModuleManager: Shutting down and abandoning module MovieSceneTools (468)
[2020.06.04-14.17.53:820][ 79]LogModuleManager: Shutting down and abandoning module OutputLog (466)
[2020.06.04-14.17.53:820][ 79]LogModuleManager: Shutting down and abandoning module GammaUI (464)
[2020.06.04-14.17.53:920][ 79]LogModuleManager: Shutting down and abandoning module Documentation (462)
[2020.06.04-14.17.53:920][ 79]LogModuleManager: Shutting down and abandoning module LiveCoding (460)
[2020.06.04-14.17.54:039][ 79]LogModuleManager: Shutting down and abandoning module LevelSequence (458)
[2020.06.04-14.17.54:039][ 79]LogModuleManager: Shutting down and abandoning module MovieSceneTracks (456)
[2020.06.04-14.17.54:079][ 79]LogModuleManager: Shutting down and abandoning module MovieScene (454)
[2020.06.04-14.17.54:147][ 79]LogModuleManager: Shutting down and abandoning module StreamingPauseRendering (452)
[2020.06.04-14.17.54:257][ 79]LogModuleManager: Shutting down and abandoning module LauncherPlatform (450)
[2020.06.04-14.17.54:257][ 79]LogModuleManager: Shutting down and abandoning module AnalyticsET (448)
[2020.06.04-14.17.54:257][ 79]LogModuleManager: Shutting down and abandoning module PortalServices (446)
[2020.06.04-14.17.54:257][ 79]LogModuleManager: Shutting down and abandoning module PortalRpc (444)
[2020.06.04-14.17.54:257][ 79]LogModuleManager: Shutting down and abandoning module MessagingRpc (442)
[2020.06.04-14.17.54:257][ 79]LogModuleManager: Shutting down and abandoning module AIModule (440)
[2020.06.04-14.17.54:299][ 79]LogModuleManager: Shutting down and abandoning module GameplayDebugger (439)
[2020.06.04-14.17.54:330][ 79]LogModuleManager: Shutting down and abandoning module AITestSuite (437)
[2020.06.04-14.17.54:373][ 79]LogModuleManager: Shutting down and abandoning module NavigationSystem (435)
[2020.06.04-14.17.54:374][ 79]LogModuleManager: Shutting down and abandoning module DesktopPlatform (432)
[2020.06.04-14.17.54:485][ 79]LogModuleManager: Shutting down and abandoning module ImageWriteQueue (430)
[2020.06.04-14.17.54:490][ 79]LogModuleManager: Shutting down and abandoning module ProfilerService (428)
[2020.06.04-14.17.54:678][ 79]LogModuleManager: Shutting down and abandoning module TaskGraph (426)
[2020.06.04-14.17.54:750][ 79]LogModuleManager: Shutting down and abandoning module ScreenshotTools (424)
[2020.06.04-14.17.54:750][ 79]LogModuleManager: Shutting down and abandoning module SteamVRController (422)
[2020.06.04-14.17.54:750][ 79]LogModuleManager: Shutting down and abandoning module ProceduralMeshComponentEditor (420)
[2020.06.04-14.17.54:853][ 79]LogModuleManager: Shutting down and abandoning module ProceduralMeshComponent (418)
[2020.06.04-14.17.54:878][ 79]LogModuleManager: Shutting down and abandoning module OculusEditor (416)
[2020.06.04-14.17.54:878][ 79]LogModuleManager: Shutting down and abandoning module OculusInput (414)
[2020.06.04-14.17.54:878][ 79]LogModuleManager: Shutting down and abandoning module MobilePatchingUtils (412)
[2020.06.04-14.17.54:878][ 79]LogModuleManager: Shutting down and abandoning module EditableMesh (410)
[2020.06.04-14.17.55:085][ 79]LogModuleManager: Shutting down and abandoning module CustomMeshComponent (408)
[2020.06.04-14.17.55:086][ 79]LogModuleManager: Shutting down and abandoning module CableComponent (406)
[2020.06.04-14.17.55:086][ 79]LogModuleManager: Shutting down and abandoning module AudioCapture (404)
[2020.06.04-14.17.55:086][ 79]LogModuleManager: Shutting down and abandoning module ArchVisCharacter (402)
[2020.06.04-14.17.55:086][ 79]LogModuleManager: Shutting down and abandoning module AppleImageUtilsBlueprintSupport (400)
[2020.06.04-14.17.55:086][ 79]LogModuleManager: Shutting down and abandoning module AppleImageUtils (398)
[2020.06.04-14.17.55:086][ 79]LogModuleManager: Shutting down and abandoning module AndroidPermission (396)
[2020.06.04-14.17.55:086][ 79]LogModuleManager: Shutting down and abandoning module NUTUnrealEngine4 (394)
[2020.06.04-14.17.55:143][ 79]LogModuleManager: Shutting down and abandoning module NetcodeUnitTest (392)
[2020.06.04-14.17.55:718][ 79]LogModuleManager: Shutting down and abandoning module MediaCompositing (390)
[2020.06.04-14.17.55:718][ 79]LogModuleManager: Shutting down and abandoning module ImgMedia (388)
[2020.06.04-14.17.55:805][ 79]LogModuleManager: Shutting down and abandoning module MagicLeapHelperVulkan (386)
[2020.06.04-14.17.55:805][ 79]LogModuleManager: Shutting down and abandoning module MagicLeapHelperOpenGL (384)
[2020.06.04-14.17.55:805][ 79]LogModuleManager: Shutting down and abandoning module MagicLeapAudio (382)
[2020.06.04-14.17.55:847][ 79]LogModuleManager: Shutting down and abandoning module RawInput (380)
[2020.06.04-14.17.55:847][ 79]LogModuleManager: Shutting down and abandoning module HTML5Networking (378)
[2020.06.04-14.17.55:847][ 79]LogModuleManager: Shutting down and abandoning module GeometryCacheTracks (376)
[2020.06.04-14.17.55:847][ 79]LogModuleManager: Shutting down and abandoning module GeometryCacheSequencer (374)
[2020.06.04-14.17.55:847][ 79]LogModuleManager: Shutting down and abandoning module BackChannel (372)
[2020.06.04-14.17.55:969][ 79]LogModuleManager: Shutting down and abandoning module AutomationUtilsEditor (370)
[2020.06.04-14.17.55:969][ 79]LogModuleManager: Shutting down and abandoning module AutomationUtils (368)
[2020.06.04-14.17.55:969][ 79]LogModuleManager: Shutting down and abandoning module AlembicImporter (366)
[2020.06.04-14.17.56:032][ 79]LogModuleManager: Shutting down and abandoning module AlembicLibrary (365)
[2020.06.04-14.17.56:146][ 79]LogModuleManager: Shutting down and abandoning module GeometryCache (364)
[2020.06.04-14.17.56:146][ 79]LogModuleManager: Shutting down and abandoning module GeometryCacheEd (363)
[2020.06.04-14.17.56:146][ 79]LogModuleManager: Shutting down and abandoning module VariantManagerContent (358)
[2020.06.04-14.17.56:146][ 79]LogModuleManager: Shutting down and abandoning module DatasmithContentEditor (356)
[2020.06.04-14.17.56:242][ 79]LogModuleManager: Shutting down and abandoning module SpeedTreeImporter (354)
[2020.06.04-14.17.56:242][ 79]LogModuleManager: Shutting down and abandoning module PluginBrowser (352)
[2020.06.04-14.17.56:894][ 79]LogModuleManager: Shutting down and abandoning module MobileLauncherProfileWizard (350)
[2020.06.04-14.17.56:940][ 79]LogModuleManager: Shutting down and abandoning module MaterialAnalyzer (348)
[2020.06.04-14.17.57:150][ 79]LogModuleManager: Shutting down and abandoning module CurveEditorTools (346)
[2020.06.04-14.17.57:268][ 79]LogModuleManager: Shutting down and abandoning module CurveEditor (345)
[2020.06.04-14.17.57:606][ 79]LogModuleManager: Shutting down and abandoning module CryptoKeysOpenSSL (342)
[2020.06.04-14.17.57:606][ 79]LogModuleManager: Shutting down and abandoning module CryptoKeys (340)
[2020.06.04-14.17.57:606][ 79]LogModuleManager: Shutting down and abandoning module VisualStudioSourceCodeAccess (338)
[2020.06.04-14.17.57:697][ 79]LogModuleManager: Shutting down and abandoning module VisualStudioCodeSourceCodeAccess (336)
[2020.06.04-14.17.57:697][ 79]LogModuleManager: Shutting down and abandoning module UObjectPlugin (334)
[2020.06.04-14.17.57:697][ 79]LogModuleManager: Shutting down and abandoning module SubversionSourceControl (332)
[2020.06.04-14.17.58:055][ 79]LogModuleManager: Shutting down and abandoning module PerforceSourceControl (330)
[2020.06.04-14.17.58:444][ 79]LogModuleManager: Shutting down and abandoning module GitSourceControl (328)
[2020.06.04-14.17.58:649][ 79]LogModuleManager: Shutting down and abandoning module SourceControl (327)
[2020.06.04-14.17.58:772][ 79]LogModuleManager: Shutting down and abandoning module CLionSourceCodeAccess (324)
[2020.06.04-14.17.58:772][ 79]LogModuleManager: Shutting down and abandoning module AnimationSharingEd (322)
[2020.06.04-14.17.58:772][ 79]LogModuleManager: Shutting down and abandoning module ActorLayerUtilitiesEditor (320)
[2020.06.04-14.17.58:854][ 79]LogModuleManager: Shutting down and abandoning module ActorLayerUtilities (318)
[2020.06.04-14.17.58:854][ 79]LogModuleManager: Shutting down and abandoning module LightPropagationVolumeEditor (316)
[2020.06.04-14.17.58:925][ 79]LogModuleManager: Shutting down and abandoning module PaperTiledImporter (314)
[2020.06.04-14.17.58:925][ 79]LogModuleManager: Shutting down and abandoning module PaperSpriteSheetImporter (312)
[2020.06.04-14.17.58:925][ 79]LogModuleManager: Shutting down and abandoning module Paper2DEditor (310)
[2020.06.04-14.17.59:274][ 79]LogModuleManager: Shutting down and abandoning module SignificanceManager (308)
[2020.06.04-14.17.59:274][ 79]LogModuleManager: Shutting down and abandoning module RuntimePhysXCooking (306)
[2020.06.04-14.17.59:274][ 79]LogModuleManager: Shutting down and abandoning module PhysXVehiclesEditor (304)
[2020.06.04-14.17.59:314][ 79]LogModuleManager: Shutting down and abandoning module LocationServicesBPLibrary (300)
[2020.06.04-14.17.59:314][ 79]LogModuleManager: Shutting down and abandoning module ActorSequence (298)
[2020.06.04-14.17.59:314][ 79]LogModuleManager: Shutting down and abandoning module UdpMessaging (296)
[2020.06.04-14.17.59:414][ 79]LogModuleManager: Shutting down and abandoning module TcpMessaging (294)
[2020.06.04-14.17.59:831][ 79]LogModuleManager: Shutting down and abandoning module MagicLeapIdentity (292)
[2020.06.04-14.17.59:831][ 79]LogModuleManager: Shutting down and abandoning module MagicLeapSecureStorage (290)
[2020.06.04-14.17.59:831][ 79]LogModuleManager: Shutting down and abandoning module MagicLeapHandTracking (288)
[2020.06.04-14.17.59:916][ 79]LogModuleManager: Shutting down and abandoning module MagicLeapEyeTracker (286)
[2020.06.04-14.17.59:916][ 79]LogModuleManager: Shutting down and abandoning module MagicLeapController (284)
[2020.06.04-14.18.00:224][ 79]LogSlate: Slate User Destroyed.  User Index 0, Is Virtual User: 0
[2020.06.04-14.18.00:224][ 79]LogModuleManager: Shutting down and abandoning module MagicLeapAR (282)
[2020.06.04-14.18.00:254][ 79]LogModuleManager: Shutting down and abandoning module AugmentedReality (281)
[2020.06.04-14.18.00:254][ 79]LogModuleManager: Shutting down and abandoning module GameplayTagsEditor (278)
[2020.06.04-14.18.00:276][ 79]LogModuleManager: Shutting down and abandoning module FacialAnimationEditor (276)
[2020.06.04-14.18.00:560][ 79]LogModuleManager: Shutting down and abandoning module FacialAnimation (274)
[2020.06.04-14.18.00:560][ 79]LogModuleManager: Shutting down and abandoning module DataValidation (272)
[2020.06.04-14.18.00:721][ 79]LogModuleManager: Shutting down and abandoning module AssetManagerEditor (270)
[2020.06.04-14.18.01:083][ 79]LogModuleManager: Shutting down and abandoning module LevelEditor (269)
[2020.06.04-14.18.01:166][ 79]LogModuleManager: Shutting down and abandoning module PixelInspectorModule (268)
[2020.06.04-14.18.01:422][ 79]LogModuleManager: Shutting down and abandoning module CommonMenuExtensions (266)
[2020.06.04-14.18.01:512][ 79]LogModuleManager: Shutting down and abandoning module MainFrame (264)
[2020.06.04-14.18.01:551][ 79]LogModuleManager: Shutting down and abandoning module HotReload (263)
[2020.06.04-14.18.01:625][ 79]LogModuleManager: Shutting down and abandoning module ContentBrowser (259)
[2020.06.04-14.18.01:627][ 79]LogModuleManager: Shutting down and abandoning module TreeMap (257)
[2020.06.04-14.18.01:717][ 79]LogModuleManager: Shutting down and abandoning module AnimationSharing (254)
[2020.06.04-14.18.01:717][ 79]LogModuleManager: Shutting down and abandoning module LightPropagationVolumeRuntime (252)
[2020.06.04-14.18.01:717][ 79]LogModuleManager: Shutting down and abandoning module Paper2D (250)
[2020.06.04-14.18.01:809][ 79]LogModuleManager: Shutting down and abandoning module WindowsMoviePlayer (248)
[2020.06.04-14.18.01:972][ 79]LogModuleManager: Shutting down and abandoning module WebMMoviePlayer (246)
[2020.06.04-14.18.01:972][ 79]LogModuleManager: Shutting down and abandoning module NetworkReplayStreaming (244)
[2020.06.04-14.18.02:025][ 79]LogModuleManager: Shutting down and abandoning module PacketHandler (242)
[2020.06.04-14.18.02:025][ 79]LogModuleManager: Shutting down and abandoning module ClothingSystemEditor (240)
[2020.06.04-14.18.02:025][ 79]LogModuleManager: Shutting down and abandoning module ClothingSystemRuntime (238)
[2020.06.04-14.18.02:284][ 79]LogModuleManager: Shutting down and abandoning module MediaAssets (236)
[2020.06.04-14.18.02:320][ 79]LogModuleManager: Shutting down and abandoning module Overlay (234)
[2020.06.04-14.18.02:320][ 79]LogModuleManager: Shutting down and abandoning module OverlayEditor (233)
[2020.06.04-14.18.02:320][ 79]LogModuleManager: Shutting down and abandoning module VREditor (230)
[2020.06.04-14.18.02:403][ 79]LogModuleManager: Shutting down and abandoning module StringTableEditor (228)
[2020.06.04-14.18.02:471][ 79]LogModuleManager: Shutting down and abandoning module GameplayTasksEditor (226)
[2020.06.04-14.18.02:471][ 79]LogModuleManager: Shutting down and abandoning module BehaviorTreeEditor (224)
[2020.06.04-14.18.02:852][ 79]LogModuleManager: Shutting down and abandoning module FunctionalTesting (222)
[2020.06.04-14.18.02:976][ 79]LogModuleManager: Shutting down and abandoning module CollisionAnalyzer (220)
[2020.06.04-14.18.03:263][ 79]LogModuleManager: Shutting down and abandoning module WorkspaceMenuStructure (219)
[2020.06.04-14.18.03:551][ 79]LogModuleManager: Shutting down and abandoning module UMG (216)
[2020.06.04-14.18.03:601][ 79]LogModuleManager: Shutting down and abandoning module UMGEditor (215)
[2020.06.04-14.18.04:179][ 79]LogModuleManager: Shutting down and abandoning module Sequencer (214)
[2020.06.04-14.18.04:819][ 79]LogModuleManager: Shutting down and abandoning module MessageLog (211)
[2020.06.04-14.18.04:819][ 79]LogModuleManager: Shutting down and abandoning module SlateReflector (206)
[2020.06.04-14.18.05:137][ 79]LogModuleManager: Shutting down and abandoning module Slate (204)
[2020.06.04-14.18.05:137][ 79]LogModuleManager: Shutting down and abandoning module LandscapeEditorUtilities (202)
[2020.06.04-14.18.05:137][ 79]LogModuleManager: Shutting down and abandoning module EditorStyle (200)
[2020.06.04-14.18.05:177][ 79]LogModuleManager: Shutting down and abandoning module UnrealEd (198)
[2020.06.04-14.18.05:177][ 79]LogModuleManager: Shutting down and abandoning module MRMesh (196)
[2020.06.04-14.18.05:177][ 79]LogModuleManager: Shutting down and abandoning module SourceCodeAccess (194)
[2020.06.04-14.18.05:241][ 79]LogModuleManager: Shutting down and abandoning module HeadMountedDisplay (192)
[2020.06.04-14.18.05:405][ 79]LogModuleManager: Shutting down and abandoning module XAudio2 (190)
[2020.06.04-14.18.05:405][ 79]LogModuleManager: Shutting down and abandoning module Networking (188)
[2020.06.04-14.18.05:405][ 79]LogModuleManager: Shutting down and abandoning module Core (186)
[2020.06.04-14.18.05:405][ 79]LogModuleManager: Shutting down and abandoning module KismetCompiler (184)
[2020.06.04-14.18.05:405][ 79]LogModuleManager: Shutting down and abandoning module MeshUtilities (182)
[2020.06.04-14.18.06:234][ 79]LogModuleManager: Shutting down and abandoning module MeshMergeUtilities (181)
[2020.06.04-14.18.06:409][ 79]LogModuleManager: Shutting down and abandoning module MeshReductionInterface (180)
[2020.06.04-14.18.06:409][ 79]LogModuleManager: Shutting down and abandoning module SkeletalMeshReduction (179)
[2020.06.04-14.18.06:661][ 79]LogModuleManager: Shutting down and abandoning module ProxyLODMeshReduction (177)
[2020.06.04-14.18.07:149][ 79]LogModuleManager: Shutting down and abandoning module QuadricMeshReduction (175)
[2020.06.04-14.18.07:166][ 79]LogModuleManager: Shutting down and abandoning module MaterialBaking (171)
[2020.06.04-14.18.07:328][ 79]LogModuleManager: Shutting down and abandoning module NullInstallBundleManager (166)
[2020.06.04-14.18.07:328][ 79]LogModuleManager: Shutting down and abandoning module DerivedDataCache (164)
[2020.06.04-14.18.07:380][ 79]LogDerivedDataCache: Shutdown
[2020.06.04-14.18.07:380][ 79]LogModuleManager: Shutting down and abandoning module XGEController (162)
[2020.06.04-14.18.07:675][ 79]LogModuleManager: Shutting down and abandoning module TargetPlatform (160)
[2020.06.04-14.18.07:890][ 79]LogModuleManager: Shutting down and abandoning module VulkanShaderFormat (159)
[2020.06.04-14.18.07:984][ 79]LogModuleManager: Shutting down and abandoning module ShaderFormatVectorVM (157)
[2020.06.04-14.18.08:034][ 79]LogModuleManager: Shutting down and abandoning module ShaderFormatOpenGL (155)
[2020.06.04-14.18.08:198][ 79]LogModuleManager: Shutting down and abandoning module ShaderFormatD3D (153)
[2020.06.04-14.18.08:295][ 79]LogModuleManager: Shutting down and abandoning module MetalShaderFormat (151)
[2020.06.04-14.18.08:499][ 79]LogModuleManager: Shutting down and abandoning module TextureFormatUncompressed (149)
[2020.06.04-14.18.08:499][ 79]LogModuleManager: Shutting down and abandoning module TextureFormatPVR (147)
[2020.06.04-14.18.08:499][ 79]LogModuleManager: Shutting down and abandoning module TextureFormatDXT (145)
[2020.06.04-14.18.08:528][ 79]LogModuleManager: Shutting down and abandoning module TextureFormatIntelISPCTexComp (143)
[2020.06.04-14.18.08:941][ 79]LogModuleManager: Shutting down and abandoning module TextureFormatASTC (141)
[2020.06.04-14.18.08:941][ 79]LogModuleManager: Shutting down and abandoning module ImageWrapper (140)
[2020.06.04-14.18.08:941][ 79]LogModuleManager: Shutting down and abandoning module TextureFormatAndroid (137)
[2020.06.04-14.18.08:941][ 79]LogModuleManager: Shutting down and abandoning module AudioFormatOpus (135)
[2020.06.04-14.18.09:020][ 79]LogModuleManager: Shutting down and abandoning module AudioFormatOgg (133)
[2020.06.04-14.18.09:185][ 79]LogModuleManager: Shutting down and abandoning module AudioFormatADPCM (131)
[2020.06.04-14.18.09:242][ 79]LogModuleManager: Shutting down and abandoning module LuminTargetPlatform (129)
[2020.06.04-14.18.10:006][ 79]LogModuleManager: Shutting down and abandoning module LinuxTargetPlatform (127)
[2020.06.04-14.18.10:006][ 79]LogModuleManager: Shutting down and abandoning module LinuxServerTargetPlatform (125)
[2020.06.04-14.18.10:139][ 79]LogModuleManager: Shutting down and abandoning module LinuxNoEditorTargetPlatform (123)
[2020.06.04-14.18.10:182][ 79]LogModuleManager: Shutting down and abandoning module LinuxClientTargetPlatform (121)
[2020.06.04-14.18.10:679][ 79]LogModuleManager: Shutting down and abandoning module TVOSTargetPlatform (119)
[2020.06.04-14.18.10:804][ 79]LogModuleManager: Shutting down and abandoning module Messaging (117)
[2020.06.04-14.18.10:804][ 79]LogModuleManager: Shutting down and abandoning module IOSTargetPlatform (115)
[2020.06.04-14.18.10:806][ 79]LogModuleManager: Shutting down and abandoning module HTML5TargetPlatform (113)
[2020.06.04-14.18.10:806][ 79]LogModuleManager: Shutting down and abandoning module AndroidTargetPlatform (111)
[2020.06.04-14.18.11:648][ 79]LogModuleManager: Shutting down and abandoning module WindowsTargetPlatform (109)
[2020.06.04-14.18.11:648][ 79]LogModuleManager: Shutting down and abandoning module WindowsServerTargetPlatform (107)
[2020.06.04-14.18.11:648][ 79]LogModuleManager: Shutting down and abandoning module WindowsNoEditorTargetPlatform (105)
[2020.06.04-14.18.11:908][ 79]LogModuleManager: Shutting down and abandoning module WindowsClientTargetPlatform (103)
[2020.06.04-14.18.12:044][ 79]LogModuleManager: Shutting down and abandoning module MacTargetPlatform (101)
[2020.06.04-14.18.12:044][ 79]LogModuleManager: Shutting down and abandoning module MacServerTargetPlatform (99)
[2020.06.04-14.18.12:368][ 79]LogModuleManager: Shutting down and abandoning module MacNoEditorTargetPlatform (97)
[2020.06.04-14.18.12:567][ 79]LogModuleManager: Shutting down and abandoning module MacClientTargetPlatform (95)
[2020.06.04-14.18.12:711][ 79]LogModuleManager: Shutting down and abandoning module AllDesktopTargetPlatform (93)
[2020.06.04-14.18.12:939][ 79]LogModuleManager: Shutting down and abandoning module InputCore (90)
[2020.06.04-14.18.12:939][ 79]LogModuleManager: Shutting down and abandoning module Settings (88)
[2020.06.04-14.18.12:939][ 79]LogModuleManager: Shutting down and abandoning module DirectoryWatcher (86)
[2020.06.04-14.18.13:372][ 79]LogModuleManager: Shutting down and abandoning module PhysXCooking (84)
[2020.06.04-14.18.13:372][ 79]LogModuleManager: Shutting down and abandoning module WindowsPlatformFeatures (82)
[2020.06.04-14.18.14:267][ 79]LogModuleManager: Shutting down and abandoning module GameplayMediaEncoder (81)
[2020.06.04-14.18.14:390][ 79]LogModuleManager: Shutting down and abandoning module SteamVR (78)
[2020.06.04-14.18.14:437][ 79]LogHMD: Freeing OpenVRDLLHandle.
[2020.06.04-14.18.14:956][ 79]LogModuleManager: Shutting down and abandoning module OculusHMD (76)
[2020.06.04-14.18.15:099][ 79]LogModuleManager: Shutting down and abandoning module ExampleDeviceProfileSelector (74)
[2020.06.04-14.18.15:099][ 79]LogModuleManager: Shutting down and abandoning module LauncherChunkInstaller (72)
[2020.06.04-14.18.15:099][ 79]LogModuleManager: Shutting down and abandoning module OnlineBlueprintSupport (70)
[2020.06.04-14.18.15:099][ 79]LogModuleManager: Shutting down and abandoning module OnlineSubsystem (66)
[2020.06.04-14.18.15:261][ 79]LogModuleManager: Shutting down and abandoning module XMPP (61)
[2020.06.04-14.18.15:765][ 79]LogModuleManager: Shutting down and abandoning module WebSockets (60)
[2020.06.04-14.18.16:398][ 79]LogModuleManager: Shutting down and abandoning module HTTP (57)
[2020.06.04-14.18.16:398][ 79]LogHttp: Display: Http module shutting down, but needs to wait on 1 outstanding Http requests:
[2020.06.04-14.18.16:398][ 79]LogHttp: Display: 	verb=[POST] url=[https://datarouter.ol.epicgames.com/datarouter/api/v1/public/data?SessionID=%7BD1D8D0A1-426F-8A00-64C2-2FAD740EF8A0%7D&AppID=UEEditor.Rocket.Release&AppVersion=4.23.0-8386587%2B%2B%2BUE4%2BRelease-4.23&UserID=1a04bfea4054d1a7cdc32983e4ed6ebe%7Cb0250071157645d481bd70b960c80dd0%7C3a95b41d-4aa1-44e7-ada4-142cd2da4dc1&AppEnvironment=datacollector-binary&UploadType=eteventstream] status=Processing
[2020.06.04-14.18.16:438][ 79]LogModuleManager: Shutting down and abandoning module SSL (56)
[2020.06.04-14.18.17:726][ 79]LogModuleManager: Shutting down and abandoning module WmfMedia (52)
[2020.06.04-14.18.17:892][ 79]LogModuleManager: Shutting down and abandoning module Media (51)
[2020.06.04-14.18.17:931][ 79]LogModuleManager: Shutting down and abandoning module MagicLeap (48)
[2020.06.04-14.18.18:005][ 79]LogModuleManager: Shutting down and abandoning module DatasmithContent (46)
[2020.06.04-14.18.18:051][ 79]LogModuleManager: Shutting down and abandoning module AISupportModule (44)
[2020.06.04-14.18.18:051][ 79]LogModuleManager: Shutting down and abandoning module PlatformCryptoOpenSSL (42)
[2020.06.04-14.18.18:082][ 79]LogModuleManager: Shutting down and abandoning module PlatformCrypto (40)
[2020.06.04-14.18.18:082][ 79]LogModuleManager: Shutting down and abandoning module AnimationModifiers (38)
[2020.06.04-14.18.18:162][ 79]LogModuleManager: Shutting down and abandoning module PropertyEditor (37)
[2020.06.04-14.18.19:058][ 79]LogModuleManager: Shutting down and abandoning module AudioEditor (34)
[2020.06.04-14.18.19:182][ 79]LogModuleManager: Shutting down and abandoning module TextureCompressor (32)
[2020.06.04-14.18.19:488][ 79]LogModuleManager: Shutting down and abandoning module RenderCore (30)
[2020.06.04-14.18.19:488][ 79]LogModuleManager: Shutting down and abandoning module Landscape (28)
[2020.06.04-14.18.19:488][ 79]LogModuleManager: Shutting down and abandoning module SlateRHIRenderer (26)
[2020.06.04-14.18.19:575][ 79]LogModuleManager: Shutting down and abandoning module OpenGLDrv (24)
[2020.06.04-14.18.19:743][ 79]LogModuleManager: Shutting down and abandoning module D3D11RHI (22)
[2020.06.04-14.18.19:743][ 79]LogModuleManager: Shutting down and abandoning module AnimGraphRuntime (20)
[2020.06.04-14.18.19:835][ 79]LogModuleManager: Shutting down and abandoning module Renderer (18)
[2020.06.04-14.18.19:884][ 79]LogModuleManager: Shutting down and abandoning module Engine (16)
[2020.06.04-14.18.19:884][ 79]LogModuleManager: Shutting down and abandoning module CoreUObject (14)
[2020.06.04-14.18.19:884][ 79]LogModuleManager: Shutting down and abandoning module NetworkFile (12)
[2020.06.04-14.18.19:912][ 79]LogModuleManager: Shutting down and abandoning module CookedIterativeFile (10)
[2020.06.04-14.18.19:912][ 79]LogModuleManager: Shutting down and abandoning module StreamingFile (8)
[2020.06.04-14.18.19:945][ 79]LogModuleManager: Shutting down and abandoning module SandboxFile (6)
[2020.06.04-14.18.19:977][ 79]LogModuleManager: Shutting down and abandoning module PakFile (4)
[2020.06.04-14.18.20:008][ 79]LogModuleManager: Shutting down and abandoning module RSA (3)
[2020.06.04-14.18.20:036][ 79]LogD3D11RHI: Shutdown
[2020.06.04-14.18.20:096][ 79]LogD3D11RHI: CleanupD3DDevice
[2020.06.04-14.18.21:415][ 79]LogRendererCore: FGlobalDynamicReadBuffer::Cleanup()
[2020.06.04-14.18.21:817][ 79]LogRendererCore: FGlobalDynamicReadBuffer::Cleanup()
[2020.06.04-14.18.21:817][ 79]LogRendererCore: FGlobalDynamicReadBuffer::Cleanup()
[2020.06.04-14.18.24:848][ 79]LogD3D11RHI: ~FD3D11DynamicRHI
[2020.06.04-14.18.25:162][ 79]LogExit: Exiting.
[2020.06.04-14.18.25:537][ 79]Log file closed, 06/04/20 19:48:25
